Results generated by BModes (v1.03.01, 25-Sept-2007, compiled using double precision) on 02-Aug-2020 at 13:12:11.
NREL 5MW Tower                                                                                     
=================================================================================

            tower frequencies & mode shapes
            --- only first  20 modes printed


 -------- Mode No.   1  (freq = 0.242302E+00 Hz)

span_loc	s-s disp	s-s slope	f-a disp	f-a slope	twist

 0.0000	 0.002192	 0.026261	 0.000000	 0.000000	 0.000000
 0.0035	 0.002285	 0.026834	 0.000000	 0.000000	-0.000003
 0.0104	 0.002476	 0.027973	 0.000000	 0.000000	-0.000008
 0.0174	 0.002674	 0.029104	 0.000000	 0.000000	-0.000014
 0.0244	 0.002881	 0.030227	 0.000000	 0.000000	-0.000019
 0.0313	 0.003095	 0.031341	 0.000000	 0.000000	-0.000024
 0.0383	 0.003318	 0.032446	 0.000000	 0.000000	-0.000030
 0.0453	 0.003547	 0.033543	 0.000000	 0.000000	-0.000035
 0.0522	 0.003785	 0.034631	 0.000000	 0.000000	-0.000041
 0.0592	 0.004030	 0.035711	 0.000000	 0.000000	-0.000046
 0.0662	 0.004282	 0.036783	 0.000000	 0.000000	-0.000051
 0.0731	 0.004542	 0.037846	 0.000000	 0.000000	-0.000057
 0.0801	 0.004809	 0.038901	 0.000000	 0.000000	-0.000062
 0.0870	 0.005084	 0.039947	 0.000000	 0.000000	-0.000068
 0.0940	 0.005365	 0.040984	 0.000000	 0.000000	-0.000073
 0.1010	 0.005654	 0.042014	 0.000000	 0.000000	-0.000078
 0.1079	 0.005951	 0.043034	 0.000000	 0.000000	-0.000084
 0.1149	 0.006254	 0.044047	 0.000000	 0.000000	-0.000089
 0.1219	 0.006564	 0.045051	 0.000000	 0.000000	-0.000095
 0.1288	 0.006881	 0.046046	 0.000000	 0.000000	-0.000100
 0.1358	 0.007205	 0.047033	 0.000000	 0.000000	-0.000105
 0.1399	 0.007400	 0.047611	 0.000000	 0.000000	-0.000109
 0.1497	 0.007874	 0.048982	 0.000000	 0.000000	-0.000116
 0.1567	 0.008218	 0.049944	 0.000000	 0.000000	-0.000122
 0.1636	 0.008570	 0.050898	 0.000000	 0.000000	-0.000127
 0.1706	 0.008927	 0.051843	 0.000000	 0.000000	-0.000132
 0.1776	 0.009292	 0.052780	 0.000000	 0.000000	-0.000138
 0.1845	 0.009662	 0.053708	 0.000000	 0.000000	-0.000143
 0.1915	 0.010040	 0.054628	 0.000000	 0.000000	-0.000149
 0.1985	 0.010423	 0.055540	 0.000000	 0.000000	-0.000154
 0.2054	 0.010813	 0.056443	 0.000000	 0.000000	-0.000159
 0.2124	 0.011209	 0.057338	 0.000000	 0.000000	-0.000165
 0.2194	 0.011612	 0.058225	 0.000000	 0.000000	-0.000170
 0.2263	 0.012020	 0.059103	 0.000000	 0.000000	-0.000176
 0.2333	 0.012435	 0.059973	 0.000000	 0.000000	-0.000181
 0.2403	 0.012856	 0.060835	 0.000000	 0.000000	-0.000186
 0.2472	 0.013282	 0.061689	 0.000000	 0.000000	-0.000192
 0.2507	 0.013498	 0.062113	 0.000000	 0.000000	-0.000195
 0.3203	 0.018453	 0.079905	 0.000000	 0.000000	-0.000314
 0.3797	 0.023667	 0.095469	 0.000000	 0.000000	-0.000430
 0.4248	 0.028245	 0.107460	 0.000000	 0.000000	-0.000527
 0.4596	 0.032151	 0.116810	 0.000000	 0.000000	-0.000608
 0.4866	 0.035407	 0.124101	 0.000000	 0.000000	-0.000675
 0.5137	 0.038861	 0.131422	 0.000000	 0.000000	-0.000747
 0.5407	 0.042511	 0.138734	 0.000000	 0.000000	-0.000822
 0.5677	 0.046360	 0.146042	 0.000000	 0.000000	-0.000902
 0.5947	 0.050404	 0.153321	 0.000000	 0.000000	-0.000987
 0.6217	 0.054645	 0.160544	 0.000000	 0.000000	-0.001077
 0.6487	 0.059081	 0.167711	 0.000000	 0.000000	-0.001172
 0.6758	 0.063709	 0.174770	 0.000000	 0.000000	-0.001274
 0.7028	 0.068526	 0.181702	 0.000000	 0.000000	-0.001382
 0.7298	 0.073529	 0.188486	 0.000000	 0.000000	-0.001498
 0.7568	 0.078712	 0.195060	 0.000000	 0.000000	-0.001621
 0.7839	 0.084070	 0.201402	 0.000000	 0.000000	-0.001753
 0.8109	 0.089595	 0.207456	 0.000000	 0.000000	-0.001894
 0.8379	 0.095279	 0.213161	 0.000000	 0.000000	-0.002044
 0.8649	 0.101112	 0.218475	 0.000000	 0.000000	-0.002206
 0.8919	 0.107081	 0.223304	 0.000000	 0.000000	-0.002379
 0.9189	 0.113174	 0.227580	 0.000000	 0.000000	-0.002565
 0.9460	 0.119375	 0.231220	 0.000000	 0.000000	-0.002766
 0.9730	 0.125664	 0.234102	 0.000000	 0.000000	-0.002982
 1.0000	 0.132019	 0.236120	 0.000000	 0.000000	-0.003215


 -------- Mode No.   2  (freq = 0.243832E+00 Hz)

span_loc	s-s disp	s-s slope	f-a disp	f-a slope	twist

 0.0000	 0.000000	 0.000000	 0.002209	 0.026453	 0.000000
 0.0035	 0.000000	 0.000000	 0.002302	 0.027029	 0.000000
 0.0104	 0.000000	 0.000000	 0.002494	 0.028176	 0.000000
 0.0174	 0.000000	 0.000000	 0.002694	 0.029315	 0.000000
 0.0244	 0.000000	 0.000000	 0.002902	 0.030444	 0.000000
 0.0313	 0.000000	 0.000000	 0.003118	 0.031565	 0.000000
 0.0383	 0.000000	 0.000000	 0.003342	 0.032678	 0.000000
 0.0453	 0.000000	 0.000000	 0.003573	 0.033782	 0.000000
 0.0522	 0.000000	 0.000000	 0.003813	 0.034877	 0.000000
 0.0592	 0.000000	 0.000000	 0.004059	 0.035964	 0.000000
 0.0662	 0.000000	 0.000000	 0.004313	 0.037042	 0.000000
 0.0731	 0.000000	 0.000000	 0.004575	 0.038112	 0.000000
 0.0801	 0.000000	 0.000000	 0.004844	 0.039172	 0.000000
 0.0870	 0.000000	 0.000000	 0.005121	 0.040225	 0.000000
 0.0940	 0.000000	 0.000000	 0.005404	 0.041269	 0.000000
 0.1010	 0.000000	 0.000000	 0.005695	 0.042304	 0.000000
 0.1079	 0.000000	 0.000000	 0.005994	 0.043331	 0.000000
 0.1149	 0.000000	 0.000000	 0.006299	 0.044349	 0.000000
 0.1219	 0.000000	 0.000000	 0.006611	 0.045358	 0.000000
 0.1288	 0.000000	 0.000000	 0.006931	 0.046359	 0.000000
 0.1358	 0.000000	 0.000000	 0.007257	 0.047352	 0.000000
 0.1399	 0.000000	 0.000000	 0.007452	 0.047933	 0.000000
 0.1497	 0.000000	 0.000000	 0.007930	 0.049311	 0.000000
 0.1567	 0.000000	 0.000000	 0.008277	 0.050278	 0.000000
 0.1636	 0.000000	 0.000000	 0.008630	 0.051237	 0.000000
 0.1706	 0.000000	 0.000000	 0.008990	 0.052187	 0.000000
 0.1776	 0.000000	 0.000000	 0.009357	 0.053128	 0.000000
 0.1845	 0.000000	 0.000000	 0.009730	 0.054061	 0.000000
 0.1915	 0.000000	 0.000000	 0.010110	 0.054986	 0.000000
 0.1985	 0.000000	 0.000000	 0.010496	 0.055902	 0.000000
 0.2054	 0.000000	 0.000000	 0.010889	 0.056809	 0.000000
 0.2124	 0.000000	 0.000000	 0.011287	 0.057708	 0.000000
 0.2194	 0.000000	 0.000000	 0.011692	 0.058599	 0.000000
 0.2263	 0.000000	 0.000000	 0.012103	 0.059481	 0.000000
 0.2333	 0.000000	 0.000000	 0.012521	 0.060355	 0.000000
 0.2403	 0.000000	 0.000000	 0.012944	 0.061221	 0.000000
 0.2472	 0.000000	 0.000000	 0.013373	 0.062078	 0.000000
 0.2507	 0.000000	 0.000000	 0.013590	 0.062503	 0.000000
 0.3203	 0.000000	 0.000000	 0.018575	 0.080358	 0.000000
 0.3797	 0.000000	 0.000000	 0.023817	 0.095960	 0.000000
 0.4248	 0.000000	 0.000000	 0.028417	 0.107968	 0.000000
 0.4596	 0.000000	 0.000000	 0.032341	 0.117322	 0.000000
 0.4866	 0.000000	 0.000000	 0.035611	 0.124611	 0.000000
 0.5137	 0.000000	 0.000000	 0.039079	 0.131923	 0.000000
 0.5407	 0.000000	 0.000000	 0.042743	 0.139220	 0.000000
 0.5677	 0.000000	 0.000000	 0.046604	 0.146507	 0.000000
 0.5947	 0.000000	 0.000000	 0.050661	 0.153756	 0.000000
 0.6217	 0.000000	 0.000000	 0.054913	 0.160941	 0.000000
 0.6487	 0.000000	 0.000000	 0.059359	 0.168060	 0.000000
 0.6758	 0.000000	 0.000000	 0.063996	 0.175060	 0.000000
 0.7028	 0.000000	 0.000000	 0.068820	 0.181922	 0.000000
 0.7298	 0.000000	 0.000000	 0.073827	 0.188623	 0.000000
 0.7568	 0.000000	 0.000000	 0.079013	 0.195099	 0.000000
 0.7839	 0.000000	 0.000000	 0.084370	 0.201327	 0.000000
 0.8109	 0.000000	 0.000000	 0.089892	 0.207250	 0.000000
 0.8379	 0.000000	 0.000000	 0.095568	 0.212805	 0.000000
 0.8649	 0.000000	 0.000000	 0.101388	 0.217946	 0.000000
 0.8919	 0.000000	 0.000000	 0.107341	 0.222578	 0.000000
 0.9189	 0.000000	 0.000000	 0.113412	 0.226631	 0.000000
 0.9460	 0.000000	 0.000000	 0.119583	 0.230017	 0.000000
 0.9730	 0.000000	 0.000000	 0.125836	 0.232612	 0.000000
 1.0000	 0.000000	 0.000000	 0.132146	 0.234306	 0.000000


 -------- Mode No.   3  (freq = 0.132077E+01 Hz)

span_loc	s-s disp	s-s slope	f-a disp	f-a slope	twist

 0.0000	 0.000950	 0.010861	 0.000000	 0.000000	 0.000000
 0.0035	 0.000988	 0.011060	 0.000000	 0.000000	 0.000230
 0.0104	 0.001066	 0.011449	 0.000000	 0.000000	 0.000690
 0.0174	 0.001147	 0.011829	 0.000000	 0.000000	 0.001150
 0.0244	 0.001231	 0.012199	 0.000000	 0.000000	 0.001610
 0.0313	 0.001317	 0.012560	 0.000000	 0.000000	 0.002070
 0.0383	 0.001406	 0.012910	 0.000000	 0.000000	 0.002530
 0.0453	 0.001497	 0.013251	 0.000000	 0.000000	 0.002990
 0.0522	 0.001590	 0.013582	 0.000000	 0.000000	 0.003449
 0.0592	 0.001686	 0.013903	 0.000000	 0.000000	 0.003909
 0.0662	 0.001784	 0.014215	 0.000000	 0.000000	 0.004369
 0.0731	 0.001884	 0.014517	 0.000000	 0.000000	 0.004829
 0.0801	 0.001986	 0.014810	 0.000000	 0.000000	 0.005289
 0.0870	 0.002090	 0.015093	 0.000000	 0.000000	 0.005749
 0.0940	 0.002196	 0.015367	 0.000000	 0.000000	 0.006209
 0.1010	 0.002304	 0.015632	 0.000000	 0.000000	 0.006668
 0.1079	 0.002414	 0.015887	 0.000000	 0.000000	 0.007128
 0.1149	 0.002525	 0.016133	 0.000000	 0.000000	 0.007588
 0.1219	 0.002639	 0.016370	 0.000000	 0.000000	 0.008047
 0.1288	 0.002753	 0.016598	 0.000000	 0.000000	 0.008507
 0.1358	 0.002870	 0.016817	 0.000000	 0.000000	 0.008967
 0.1399	 0.002939	 0.016942	 0.000000	 0.000000	 0.009238
 0.1497	 0.003107	 0.017228	 0.000000	 0.000000	 0.009886
 0.1567	 0.003227	 0.017420	 0.000000	 0.000000	 0.010345
 0.1636	 0.003349	 0.017604	 0.000000	 0.000000	 0.010805
 0.1706	 0.003473	 0.017779	 0.000000	 0.000000	 0.011264
 0.1776	 0.003597	 0.017946	 0.000000	 0.000000	 0.011724
 0.1845	 0.003723	 0.018104	 0.000000	 0.000000	 0.012183
 0.1915	 0.003849	 0.018255	 0.000000	 0.000000	 0.012642
 0.1985	 0.003977	 0.018397	 0.000000	 0.000000	 0.013101
 0.2054	 0.004105	 0.018531	 0.000000	 0.000000	 0.013560
 0.2124	 0.004235	 0.018657	 0.000000	 0.000000	 0.014020
 0.2194	 0.004365	 0.018775	 0.000000	 0.000000	 0.014479
 0.2263	 0.004496	 0.018886	 0.000000	 0.000000	 0.014938
 0.2333	 0.004628	 0.018989	 0.000000	 0.000000	 0.015397
 0.2403	 0.004761	 0.019085	 0.000000	 0.000000	 0.015855
 0.2472	 0.004894	 0.019173	 0.000000	 0.000000	 0.016314
 0.2507	 0.004961	 0.019215	 0.000000	 0.000000	 0.016544
 0.3203	 0.006344	 0.020257	 0.000000	 0.000000	 0.026688
 0.3797	 0.007544	 0.020003	 0.000000	 0.000000	 0.036477
 0.4248	 0.008427	 0.019024	 0.000000	 0.000000	 0.044699
 0.4596	 0.009068	 0.017767	 0.000000	 0.000000	 0.051580
 0.4866	 0.009531	 0.016474	 0.000000	 0.000000	 0.057268
 0.5137	 0.009955	 0.014892	 0.000000	 0.000000	 0.063291
 0.5407	 0.010333	 0.013016	 0.000000	 0.000000	 0.069654
 0.5677	 0.010656	 0.010834	 0.000000	 0.000000	 0.076401
 0.5947	 0.010915	 0.008340	 0.000000	 0.000000	 0.083552
 0.6217	 0.011103	 0.005531	 0.000000	 0.000000	 0.091133
 0.6487	 0.011210	 0.002391	 0.000000	 0.000000	 0.099201
 0.6758	 0.011228	-0.001071	 0.000000	 0.000000	 0.107764
 0.7028	 0.011148	-0.004864	 0.000000	 0.000000	 0.116875
 0.7298	 0.010961	-0.008996	 0.000000	 0.000000	 0.126596
 0.7568	 0.010658	-0.013451	 0.000000	 0.000000	 0.136940
 0.7839	 0.010230	-0.018244	 0.000000	 0.000000	 0.147992
 0.8109	 0.009667	-0.023367	 0.000000	 0.000000	 0.159802
 0.8379	 0.008962	-0.028811	 0.000000	 0.000000	 0.172421
 0.8649	 0.008106	-0.034591	 0.000000	 0.000000	 0.185967
 0.8919	 0.007089	-0.040681	 0.000000	 0.000000	 0.200464
 0.9189	 0.005903	-0.047089	 0.000000	 0.000000	 0.216031
 0.9460	 0.004539	-0.053828	 0.000000	 0.000000	 0.232807
 0.9730	 0.002989	-0.060866	 0.000000	 0.000000	 0.250819
 1.0000	 0.001244	-0.068234	 0.000000	 0.000000	 0.270266


 -------- Mode No.   4  (freq = 0.136900E+01 Hz)

span_loc	s-s disp	s-s slope	f-a disp	f-a slope	twist

 0.0000	-0.003076	-0.035117	 0.000000	 0.000000	 0.000000
 0.0035	-0.003200	-0.035754	 0.000000	 0.000000	 0.000188
 0.0104	-0.003453	-0.037003	 0.000000	 0.000000	 0.000563
 0.0174	-0.003715	-0.038220	 0.000000	 0.000000	 0.000938
 0.0244	-0.003985	-0.039403	 0.000000	 0.000000	 0.001313
 0.0313	-0.004264	-0.040554	 0.000000	 0.000000	 0.001689
 0.0383	-0.004550	-0.041672	 0.000000	 0.000000	 0.002064
 0.0453	-0.004844	-0.042758	 0.000000	 0.000000	 0.002439
 0.0522	-0.005145	-0.043812	 0.000000	 0.000000	 0.002814
 0.0592	-0.005454	-0.044833	 0.000000	 0.000000	 0.003189
 0.0662	-0.005770	-0.045823	 0.000000	 0.000000	 0.003564
 0.0731	-0.006092	-0.046781	 0.000000	 0.000000	 0.003940
 0.0801	-0.006421	-0.047708	 0.000000	 0.000000	 0.004315
 0.0870	-0.006757	-0.048603	 0.000000	 0.000000	 0.004690
 0.0940	-0.007098	-0.049467	 0.000000	 0.000000	 0.005065
 0.1010	-0.007445	-0.050300	 0.000000	 0.000000	 0.005440
 0.1079	-0.007799	-0.051102	 0.000000	 0.000000	 0.005815
 0.1149	-0.008157	-0.051874	 0.000000	 0.000000	 0.006190
 0.1219	-0.008521	-0.052615	 0.000000	 0.000000	 0.006565
 0.1288	-0.008890	-0.053327	 0.000000	 0.000000	 0.006940
 0.1358	-0.009264	-0.054009	 0.000000	 0.000000	 0.007315
 0.1399	-0.009486	-0.054397	 0.000000	 0.000000	 0.007536
 0.1497	-0.010025	-0.055284	 0.000000	 0.000000	 0.008065
 0.1567	-0.010412	-0.055879	 0.000000	 0.000000	 0.008440
 0.1636	-0.010803	-0.056444	 0.000000	 0.000000	 0.008814
 0.1706	-0.011198	-0.056982	 0.000000	 0.000000	 0.009189
 0.1776	-0.011597	-0.057492	 0.000000	 0.000000	 0.009564
 0.1845	-0.011999	-0.057974	 0.000000	 0.000000	 0.009939
 0.1915	-0.012404	-0.058429	 0.000000	 0.000000	 0.010313
 0.1985	-0.012812	-0.058857	 0.000000	 0.000000	 0.010688
 0.2054	-0.013224	-0.059259	 0.000000	 0.000000	 0.011062
 0.2124	-0.013638	-0.059635	 0.000000	 0.000000	 0.011437
 0.2194	-0.014054	-0.059986	 0.000000	 0.000000	 0.011811
 0.2263	-0.014473	-0.060311	 0.000000	 0.000000	 0.012186
 0.2333	-0.014894	-0.060611	 0.000000	 0.000000	 0.012560
 0.2403	-0.015317	-0.060887	 0.000000	 0.000000	 0.012934
 0.2472	-0.015742	-0.061140	 0.000000	 0.000000	 0.013309
 0.2507	-0.015955	-0.061257	 0.000000	 0.000000	 0.013496
 0.3203	-0.020340	-0.063858	 0.000000	 0.000000	 0.021770
 0.3797	-0.024102	-0.062274	 0.000000	 0.000000	 0.029753
 0.4248	-0.026831	-0.058476	 0.000000	 0.000000	 0.036459
 0.4596	-0.028791	-0.053895	 0.000000	 0.000000	 0.042070
 0.4866	-0.030186	-0.049303	 0.000000	 0.000000	 0.046708
 0.5137	-0.031446	-0.043769	 0.000000	 0.000000	 0.051619
 0.5407	-0.032542	-0.037283	 0.000000	 0.000000	 0.056807
 0.5677	-0.033450	-0.029808	 0.000000	 0.000000	 0.062308
 0.5947	-0.034141	-0.021330	 0.000000	 0.000000	 0.068138
 0.6217	-0.034591	-0.011844	 0.000000	 0.000000	 0.074318
 0.6487	-0.034769	-0.001307	 0.000000	 0.000000	 0.080895
 0.6758	-0.034649	 0.010248	 0.000000	 0.000000	 0.087875
 0.7028	-0.034203	 0.022840	 0.000000	 0.000000	 0.095302
 0.7298	-0.033401	 0.036490	 0.000000	 0.000000	 0.103225
 0.7568	-0.032218	 0.051141	 0.000000	 0.000000	 0.111655
 0.7839	-0.030624	 0.066826	 0.000000	 0.000000	 0.120662
 0.8109	-0.028592	 0.083516	 0.000000	 0.000000	 0.130287
 0.8379	-0.026097	 0.101171	 0.000000	 0.000000	 0.140569
 0.8649	-0.023111	 0.119835	 0.000000	 0.000000	 0.151607
 0.8919	-0.019608	 0.139410	 0.000000	 0.000000	 0.163418
 0.9189	-0.015563	 0.159919	 0.000000	 0.000000	 0.176101
 0.9460	-0.010950	 0.181398	 0.000000	 0.000000	 0.189768
 0.9730	-0.005745	 0.203735	 0.000000	 0.000000	 0.204440
 1.0000	 0.000076	 0.227032	 0.000000	 0.000000	 0.220281


 -------- Mode No.   5  (freq = 0.152304E+01 Hz)

span_loc	s-s disp	s-s slope	f-a disp	f-a slope	twist

 0.0000	 0.000000	 0.000000	 0.005601	 0.063626	 0.000000
 0.0035	 0.000000	 0.000000	 0.005825	 0.064754	 0.000000
 0.0104	 0.000000	 0.000000	 0.006284	 0.066964	 0.000000
 0.0174	 0.000000	 0.000000	 0.006757	 0.069111	 0.000000
 0.0244	 0.000000	 0.000000	 0.007246	 0.071194	 0.000000
 0.0313	 0.000000	 0.000000	 0.007749	 0.073214	 0.000000
 0.0383	 0.000000	 0.000000	 0.008266	 0.075171	 0.000000
 0.0453	 0.000000	 0.000000	 0.008796	 0.077065	 0.000000
 0.0522	 0.000000	 0.000000	 0.009339	 0.078897	 0.000000
 0.0592	 0.000000	 0.000000	 0.009894	 0.080668	 0.000000
 0.0662	 0.000000	 0.000000	 0.010462	 0.082376	 0.000000
 0.0731	 0.000000	 0.000000	 0.011041	 0.084024	 0.000000
 0.0801	 0.000000	 0.000000	 0.011632	 0.085611	 0.000000
 0.0870	 0.000000	 0.000000	 0.012234	 0.087138	 0.000000
 0.0940	 0.000000	 0.000000	 0.012846	 0.088604	 0.000000
 0.1010	 0.000000	 0.000000	 0.013468	 0.090012	 0.000000
 0.1079	 0.000000	 0.000000	 0.014099	 0.091360	 0.000000
 0.1149	 0.000000	 0.000000	 0.014740	 0.092651	 0.000000
 0.1219	 0.000000	 0.000000	 0.015389	 0.093883	 0.000000
 0.1288	 0.000000	 0.000000	 0.016047	 0.095058	 0.000000
 0.1358	 0.000000	 0.000000	 0.016713	 0.096177	 0.000000
 0.1399	 0.000000	 0.000000	 0.017109	 0.096810	 0.000000
 0.1497	 0.000000	 0.000000	 0.018067	 0.098247	 0.000000
 0.1567	 0.000000	 0.000000	 0.018755	 0.099200	 0.000000
 0.1636	 0.000000	 0.000000	 0.019449	 0.100098	 0.000000
 0.1706	 0.000000	 0.000000	 0.020149	 0.100944	 0.000000
 0.1776	 0.000000	 0.000000	 0.020855	 0.101737	 0.000000
 0.1845	 0.000000	 0.000000	 0.021566	 0.102478	 0.000000
 0.1915	 0.000000	 0.000000	 0.022282	 0.103168	 0.000000
 0.1985	 0.000000	 0.000000	 0.023003	 0.103809	 0.000000
 0.2054	 0.000000	 0.000000	 0.023728	 0.104400	 0.000000
 0.2124	 0.000000	 0.000000	 0.024456	 0.104942	 0.000000
 0.2194	 0.000000	 0.000000	 0.025189	 0.105438	 0.000000
 0.2263	 0.000000	 0.000000	 0.025925	 0.105887	 0.000000
 0.2333	 0.000000	 0.000000	 0.026664	 0.106290	 0.000000
 0.2403	 0.000000	 0.000000	 0.027405	 0.106649	 0.000000
 0.2472	 0.000000	 0.000000	 0.028149	 0.106965	 0.000000
 0.2507	 0.000000	 0.000000	 0.028522	 0.107106	 0.000000
 0.3203	 0.000000	 0.000000	 0.036086	 0.108708	 0.000000
 0.3797	 0.000000	 0.000000	 0.042402	 0.103012	 0.000000
 0.4248	 0.000000	 0.000000	 0.046855	 0.093995	 0.000000
 0.4596	 0.000000	 0.000000	 0.049962	 0.084127	 0.000000
 0.4866	 0.000000	 0.000000	 0.052110	 0.074683	 0.000000
 0.5137	 0.000000	 0.000000	 0.053982	 0.063648	 0.000000
 0.5407	 0.000000	 0.000000	 0.055533	 0.051051	 0.000000
 0.5677	 0.000000	 0.000000	 0.056722	 0.036864	 0.000000
 0.5947	 0.000000	 0.000000	 0.057507	 0.021119	 0.000000
 0.6217	 0.000000	 0.000000	 0.057845	 0.003859	 0.000000
 0.6487	 0.000000	 0.000000	 0.057697	-0.014923	 0.000000
 0.6758	 0.000000	 0.000000	 0.057021	-0.035098	 0.000000
 0.7028	 0.000000	 0.000000	 0.055782	-0.056620	 0.000000
 0.7298	 0.000000	 0.000000	 0.053943	-0.079434	 0.000000
 0.7568	 0.000000	 0.000000	 0.051473	-0.103341	 0.000000
 0.7839	 0.000000	 0.000000	 0.048342	-0.128285	 0.000000
 0.8109	 0.000000	 0.000000	 0.044525	-0.154094	 0.000000
 0.8379	 0.000000	 0.000000	 0.040001	-0.180567	 0.000000
 0.8649	 0.000000	 0.000000	 0.034754	-0.207613	 0.000000
 0.8919	 0.000000	 0.000000	 0.028773	-0.234916	 0.000000
 0.9189	 0.000000	 0.000000	 0.022051	-0.262320	 0.000000
 0.9460	 0.000000	 0.000000	 0.014588	-0.289657	 0.000000
 0.9730	 0.000000	 0.000000	 0.006393	-0.316555	 0.000000
 1.0000	 0.000000	 0.000000	-0.002523	-0.342886	 0.000000


 -------- Mode No.   6  (freq = 0.283031E+01 Hz)

span_loc	s-s disp	s-s slope	f-a disp	f-a slope	twist

 0.0000	-0.008565	-0.092634	 0.000000	 0.000000	 0.000000
 0.0035	-0.008890	-0.093911	 0.000000	 0.000000	-0.000008
 0.0104	-0.009552	-0.096350	 0.000000	 0.000000	-0.000024
 0.0174	-0.010231	-0.098637	 0.000000	 0.000000	-0.000040
 0.0244	-0.010926	-0.100771	 0.000000	 0.000000	-0.000057
 0.0313	-0.011634	-0.102756	 0.000000	 0.000000	-0.000073
 0.0383	-0.012356	-0.104592	 0.000000	 0.000000	-0.000089
 0.0453	-0.013091	-0.106280	 0.000000	 0.000000	-0.000105
 0.0522	-0.013836	-0.107824	 0.000000	 0.000000	-0.000121
 0.0592	-0.014592	-0.109223	 0.000000	 0.000000	-0.000137
 0.0662	-0.015357	-0.110481	 0.000000	 0.000000	-0.000154
 0.0731	-0.016131	-0.111599	 0.000000	 0.000000	-0.000170
 0.0801	-0.016911	-0.112580	 0.000000	 0.000000	-0.000186
 0.0870	-0.017698	-0.113425	 0.000000	 0.000000	-0.000202
 0.0940	-0.018491	-0.114136	 0.000000	 0.000000	-0.000218
 0.1010	-0.019288	-0.114717	 0.000000	 0.000000	-0.000234
 0.1079	-0.020088	-0.115169	 0.000000	 0.000000	-0.000250
 0.1149	-0.020891	-0.115495	 0.000000	 0.000000	-0.000267
 0.1219	-0.021696	-0.115698	 0.000000	 0.000000	-0.000283
 0.1288	-0.022502	-0.115781	 0.000000	 0.000000	-0.000299
 0.1358	-0.023309	-0.115746	 0.000000	 0.000000	-0.000315
 0.1399	-0.023784	-0.115672	 0.000000	 0.000000	-0.000324
 0.1497	-0.024918	-0.115337	 0.000000	 0.000000	-0.000347
 0.1567	-0.025720	-0.114968	 0.000000	 0.000000	-0.000363
 0.1636	-0.026519	-0.114495	 0.000000	 0.000000	-0.000379
 0.1706	-0.027315	-0.113920	 0.000000	 0.000000	-0.000395
 0.1776	-0.028106	-0.113247	 0.000000	 0.000000	-0.000411
 0.1845	-0.028892	-0.112481	 0.000000	 0.000000	-0.000428
 0.1915	-0.029672	-0.111623	 0.000000	 0.000000	-0.000444
 0.1985	-0.030446	-0.110680	 0.000000	 0.000000	-0.000460
 0.2054	-0.031213	-0.109653	 0.000000	 0.000000	-0.000476
 0.2124	-0.031973	-0.108548	 0.000000	 0.000000	-0.000492
 0.2194	-0.032725	-0.107369	 0.000000	 0.000000	-0.000508
 0.2263	-0.033468	-0.106119	 0.000000	 0.000000	-0.000524
 0.2333	-0.034203	-0.104804	 0.000000	 0.000000	-0.000540
 0.2403	-0.034928	-0.103427	 0.000000	 0.000000	-0.000556
 0.2472	-0.035643	-0.101993	 0.000000	 0.000000	-0.000572
 0.2507	-0.035997	-0.101256	 0.000000	 0.000000	-0.000580
 0.3203	-0.041790	-0.063679	 0.000000	 0.000000	-0.000932
 0.3797	-0.044344	-0.021851	 0.000000	 0.000000	-0.001272
 0.4248	-0.044511	 0.014389	 0.000000	 0.000000	-0.001556
 0.4596	-0.043491	 0.044064	 0.000000	 0.000000	-0.001793
 0.4866	-0.041980	 0.067537	 0.000000	 0.000000	-0.001988
 0.5137	-0.039835	 0.090952	 0.000000	 0.000000	-0.002194
 0.5407	-0.037064	 0.113753	 0.000000	 0.000000	-0.002412
 0.5677	-0.033691	 0.135469	 0.000000	 0.000000	-0.002642
 0.5947	-0.029754	 0.155498	 0.000000	 0.000000	-0.002886
 0.6217	-0.025305	 0.173207	 0.000000	 0.000000	-0.003143
 0.6487	-0.020416	 0.187981	 0.000000	 0.000000	-0.003416
 0.6758	-0.015177	 0.199060	 0.000000	 0.000000	-0.003706
 0.7028	-0.009696	 0.205728	 0.000000	 0.000000	-0.004013
 0.7298	-0.004105	 0.207212	 0.000000	 0.000000	-0.004339
 0.7568	 0.001447	 0.202701	 0.000000	 0.000000	-0.004685
 0.7839	 0.006785	 0.191343	 0.000000	 0.000000	-0.005055
 0.8109	 0.011713	 0.172266	 0.000000	 0.000000	-0.005448
 0.8379	 0.016010	 0.144591	 0.000000	 0.000000	-0.005867
 0.8649	 0.019429	 0.107255	 0.000000	 0.000000	-0.006315
 0.8919	 0.021697	 0.059401	 0.000000	 0.000000	-0.006793
 0.9189	 0.022516	-0.000146	 0.000000	 0.000000	-0.007306
 0.9460	 0.021549	-0.072748	 0.000000	 0.000000	-0.007856
 0.9730	 0.018432	-0.159376	 0.000000	 0.000000	-0.008445
 1.0000	 0.012760	-0.261917	 0.000000	 0.000000	-0.009079


 -------- Mode No.   7  (freq = 0.322953E+01 Hz)

span_loc	s-s disp	s-s slope	f-a disp	f-a slope	twist

 0.0000	 0.000000	 0.000000	-0.008169	-0.086963	 0.000000
 0.0035	 0.000000	 0.000000	-0.008474	-0.088048	 0.000000
 0.0104	 0.000000	 0.000000	-0.009094	-0.090093	 0.000000
 0.0174	 0.000000	 0.000000	-0.009728	-0.091977	 0.000000
 0.0244	 0.000000	 0.000000	-0.010375	-0.093700	 0.000000
 0.0313	 0.000000	 0.000000	-0.011033	-0.095265	 0.000000
 0.0383	 0.000000	 0.000000	-0.011701	-0.096672	 0.000000
 0.0453	 0.000000	 0.000000	-0.012379	-0.097924	 0.000000
 0.0522	 0.000000	 0.000000	-0.013065	-0.099024	 0.000000
 0.0592	 0.000000	 0.000000	-0.013757	-0.099972	 0.000000
 0.0662	 0.000000	 0.000000	-0.014457	-0.100772	 0.000000
 0.0731	 0.000000	 0.000000	-0.015161	-0.101426	 0.000000
 0.0801	 0.000000	 0.000000	-0.015869	-0.101936	 0.000000
 0.0870	 0.000000	 0.000000	-0.016580	-0.102305	 0.000000
 0.0940	 0.000000	 0.000000	-0.017293	-0.102536	 0.000000
 0.1010	 0.000000	 0.000000	-0.018008	-0.102632	 0.000000
 0.1079	 0.000000	 0.000000	-0.018722	-0.102596	 0.000000
 0.1149	 0.000000	 0.000000	-0.019436	-0.102430	 0.000000
 0.1219	 0.000000	 0.000000	-0.020149	-0.102139	 0.000000
 0.1288	 0.000000	 0.000000	-0.020859	-0.101725	 0.000000
 0.1358	 0.000000	 0.000000	-0.021565	-0.101192	 0.000000
 0.1399	 0.000000	 0.000000	-0.021980	-0.100824	 0.000000
 0.1497	 0.000000	 0.000000	-0.022965	-0.099784	 0.000000
 0.1567	 0.000000	 0.000000	-0.023657	-0.098917	 0.000000
 0.1636	 0.000000	 0.000000	-0.024343	-0.097946	 0.000000
 0.1706	 0.000000	 0.000000	-0.025021	-0.096875	 0.000000
 0.1776	 0.000000	 0.000000	-0.025692	-0.095709	 0.000000
 0.1845	 0.000000	 0.000000	-0.026354	-0.094451	 0.000000
 0.1915	 0.000000	 0.000000	-0.027007	-0.093108	 0.000000
 0.1985	 0.000000	 0.000000	-0.027651	-0.091682	 0.000000
 0.2054	 0.000000	 0.000000	-0.028284	-0.090179	 0.000000
 0.2124	 0.000000	 0.000000	-0.028906	-0.088603	 0.000000
 0.2194	 0.000000	 0.000000	-0.029518	-0.086959	 0.000000
 0.2263	 0.000000	 0.000000	-0.030117	-0.085253	 0.000000
 0.2333	 0.000000	 0.000000	-0.030705	-0.083489	 0.000000
 0.2403	 0.000000	 0.000000	-0.031280	-0.081673	 0.000000
 0.2472	 0.000000	 0.000000	-0.031842	-0.079810	 0.000000
 0.2507	 0.000000	 0.000000	-0.032119	-0.078862	 0.000000
 0.3203	 0.000000	 0.000000	-0.036059	-0.033347	 0.000000
 0.3797	 0.000000	 0.000000	-0.036653	 0.013378	 0.000000
 0.4248	 0.000000	 0.000000	-0.035181	 0.051565	 0.000000
 0.4596	 0.000000	 0.000000	-0.032859	 0.081403	 0.000000
 0.4866	 0.000000	 0.000000	-0.030349	 0.104060	 0.000000
 0.5137	 0.000000	 0.000000	-0.027238	 0.125748	 0.000000
 0.5407	 0.000000	 0.000000	-0.023562	 0.145845	 0.000000
 0.5677	 0.000000	 0.000000	-0.019370	 0.163817	 0.000000
 0.5947	 0.000000	 0.000000	-0.014730	 0.179026	 0.000000
 0.6217	 0.000000	 0.000000	-0.009725	 0.190827	 0.000000
 0.6487	 0.000000	 0.000000	-0.004453	 0.198595	 0.000000
 0.6758	 0.000000	 0.000000	 0.000966	 0.201637	 0.000000
 0.7028	 0.000000	 0.000000	 0.006395	 0.199302	 0.000000
 0.7298	 0.000000	 0.000000	 0.011681	 0.190918	 0.000000
 0.7568	 0.000000	 0.000000	 0.016649	 0.175869	 0.000000
 0.7839	 0.000000	 0.000000	 0.021113	 0.153483	 0.000000
 0.8109	 0.000000	 0.000000	 0.024864	 0.123157	 0.000000
 0.8379	 0.000000	 0.000000	 0.027681	 0.084338	 0.000000
 0.8649	 0.000000	 0.000000	 0.029324	 0.036290	 0.000000
 0.8919	 0.000000	 0.000000	 0.029539	-0.021382	 0.000000
 0.9189	 0.000000	 0.000000	 0.028055	-0.089412	 0.000000
 0.9460	 0.000000	 0.000000	 0.024581	-0.168666	 0.000000
 0.9730	 0.000000	 0.000000	 0.018808	-0.259541	 0.000000
 1.0000	 0.000000	 0.000000	 0.010405	-0.363387	 0.000000


 -------- Mode No.   8  (freq = 0.608624E+01 Hz)

span_loc	s-s disp	s-s slope	f-a disp	f-a slope	twist

 0.0000	 0.010465	 0.099930	 0.000000	 0.000000	 0.000000
 0.0035	 0.010814	 0.100212	 0.000000	 0.000000	 0.000000
 0.0104	 0.011513	 0.100514	 0.000000	 0.000000	-0.000001
 0.0174	 0.012213	 0.100476	 0.000000	 0.000000	-0.000002
 0.0244	 0.012912	 0.100105	 0.000000	 0.000000	-0.000003
 0.0313	 0.013607	 0.099408	 0.000000	 0.000000	-0.000004
 0.0383	 0.014295	 0.098393	 0.000000	 0.000000	-0.000005
 0.0453	 0.014976	 0.097069	 0.000000	 0.000000	-0.000006
 0.0522	 0.015647	 0.095445	 0.000000	 0.000000	-0.000007
 0.0592	 0.016305	 0.093529	 0.000000	 0.000000	-0.000008
 0.0662	 0.016949	 0.091332	 0.000000	 0.000000	-0.000009
 0.0731	 0.017576	 0.088864	 0.000000	 0.000000	-0.000010
 0.0801	 0.018186	 0.086135	 0.000000	 0.000000	-0.000011
 0.0870	 0.018775	 0.083156	 0.000000	 0.000000	-0.000012
 0.0940	 0.019343	 0.079939	 0.000000	 0.000000	-0.000013
 0.1010	 0.019888	 0.076494	 0.000000	 0.000000	-0.000014
 0.1079	 0.020408	 0.072835	 0.000000	 0.000000	-0.000015
 0.1149	 0.020902	 0.068972	 0.000000	 0.000000	-0.000016
 0.1219	 0.021368	 0.064919	 0.000000	 0.000000	-0.000017
 0.1288	 0.021806	 0.060688	 0.000000	 0.000000	-0.000018
 0.1358	 0.022213	 0.056293	 0.000000	 0.000000	-0.000019
 0.1399	 0.022439	 0.053630	 0.000000	 0.000000	-0.000020
 0.1497	 0.022934	 0.047063	 0.000000	 0.000000	-0.000021
 0.1567	 0.023245	 0.042256	 0.000000	 0.000000	-0.000022
 0.1636	 0.023522	 0.037339	 0.000000	 0.000000	-0.000023
 0.1706	 0.023764	 0.032326	 0.000000	 0.000000	-0.000024
 0.1776	 0.023972	 0.027233	 0.000000	 0.000000	-0.000025
 0.1845	 0.024144	 0.022073	 0.000000	 0.000000	-0.000026
 0.1915	 0.024279	 0.016861	 0.000000	 0.000000	-0.000027
 0.1985	 0.024378	 0.011612	 0.000000	 0.000000	-0.000028
 0.2054	 0.024441	 0.006340	 0.000000	 0.000000	-0.000029
 0.2124	 0.024467	 0.001061	 0.000000	 0.000000	-0.000030
 0.2194	 0.024456	-0.004211	 0.000000	 0.000000	-0.000031
 0.2263	 0.024408	-0.009461	 0.000000	 0.000000	-0.000032
 0.2333	 0.024324	-0.014674	 0.000000	 0.000000	-0.000033
 0.2403	 0.024204	-0.019835	 0.000000	 0.000000	-0.000033
 0.2472	 0.024048	-0.024930	 0.000000	 0.000000	-0.000034
 0.2507	 0.023957	-0.027448	 0.000000	 0.000000	-0.000035
 0.3203	 0.018451	-0.126272	 0.000000	 0.000000	-0.000055
 0.3797	 0.008813	-0.193326	 0.000000	 0.000000	-0.000075
 0.4248	-0.000720	-0.226083	 0.000000	 0.000000	-0.000091
 0.4596	-0.008833	-0.237619	 0.000000	 0.000000	-0.000104
 0.4866	-0.015269	-0.237229	 0.000000	 0.000000	-0.000114
 0.5137	-0.021576	-0.228193	 0.000000	 0.000000	-0.000126
 0.5407	-0.027519	-0.210384	 0.000000	 0.000000	-0.000137
 0.5677	-0.032861	-0.183916	 0.000000	 0.000000	-0.000149
 0.5947	-0.037375	-0.149310	 0.000000	 0.000000	-0.000162
 0.6217	-0.040853	-0.107468	 0.000000	 0.000000	-0.000175
 0.6487	-0.043114	-0.059520	 0.000000	 0.000000	-0.000189
 0.6758	-0.044017	-0.007298	 0.000000	 0.000000	-0.000204
 0.7028	-0.043473	 0.047221	 0.000000	 0.000000	-0.000219
 0.7298	-0.041450	 0.101699	 0.000000	 0.000000	-0.000235
 0.7568	-0.037989	 0.153156	 0.000000	 0.000000	-0.000251
 0.7839	-0.033212	 0.198670	 0.000000	 0.000000	-0.000269
 0.8109	-0.027325	 0.234848	 0.000000	 0.000000	-0.000287
 0.8379	-0.020628	 0.258121	 0.000000	 0.000000	-0.000306
 0.8649	-0.013521	 0.264877	 0.000000	 0.000000	-0.000326
 0.8919	-0.006501	 0.251324	 0.000000	 0.000000	-0.000348
 0.9189	-0.000166	 0.213650	 0.000000	 0.000000	-0.000370
 0.9460	 0.004774	 0.147827	 0.000000	 0.000000	-0.000393
 0.9730	 0.007510	 0.050212	 0.000000	 0.000000	-0.000418
 1.0000	 0.007119	-0.083794	 0.000000	 0.000000	-0.000444


 -------- Mode No.   9  (freq = 0.631072E+01 Hz)

span_loc	s-s disp	s-s slope	f-a disp	f-a slope	twist

 0.0000	 0.000000	 0.000000	 0.010509	 0.099529	 0.000000
 0.0035	 0.000000	 0.000000	 0.010856	 0.099733	 0.000000
 0.0104	 0.000000	 0.000000	 0.011551	 0.099873	 0.000000
 0.0174	 0.000000	 0.000000	 0.012246	 0.099662	 0.000000
 0.0244	 0.000000	 0.000000	 0.012938	 0.099107	 0.000000
 0.0313	 0.000000	 0.000000	 0.013625	 0.098217	 0.000000
 0.0383	 0.000000	 0.000000	 0.014305	 0.097001	 0.000000
 0.0453	 0.000000	 0.000000	 0.014975	 0.095467	 0.000000
 0.0522	 0.000000	 0.000000	 0.015634	 0.093625	 0.000000
 0.0592	 0.000000	 0.000000	 0.016279	 0.091486	 0.000000
 0.0662	 0.000000	 0.000000	 0.016908	 0.089059	 0.000000
 0.0731	 0.000000	 0.000000	 0.017518	 0.086355	 0.000000
 0.0801	 0.000000	 0.000000	 0.018110	 0.083386	 0.000000
 0.0870	 0.000000	 0.000000	 0.018679	 0.080164	 0.000000
 0.0940	 0.000000	 0.000000	 0.019226	 0.076700	 0.000000
 0.1010	 0.000000	 0.000000	 0.019747	 0.073006	 0.000000
 0.1079	 0.000000	 0.000000	 0.020242	 0.069096	 0.000000
 0.1149	 0.000000	 0.000000	 0.020709	 0.064982	 0.000000
 0.1219	 0.000000	 0.000000	 0.021146	 0.060679	 0.000000
 0.1288	 0.000000	 0.000000	 0.021554	 0.056198	 0.000000
 0.1358	 0.000000	 0.000000	 0.021929	 0.051555	 0.000000
 0.1399	 0.000000	 0.000000	 0.022135	 0.048747	 0.000000
 0.1497	 0.000000	 0.000000	 0.022580	 0.041839	 0.000000
 0.1567	 0.000000	 0.000000	 0.022854	 0.036795	 0.000000
 0.1636	 0.000000	 0.000000	 0.023092	 0.031646	 0.000000
 0.1706	 0.000000	 0.000000	 0.023294	 0.026408	 0.000000
 0.1776	 0.000000	 0.000000	 0.023460	 0.021095	 0.000000
 0.1845	 0.000000	 0.000000	 0.023588	 0.015724	 0.000000
 0.1915	 0.000000	 0.000000	 0.023679	 0.010308	 0.000000
 0.1985	 0.000000	 0.000000	 0.023731	 0.004865	 0.000000
 0.2054	 0.000000	 0.000000	 0.023746	-0.000591	 0.000000
 0.2124	 0.000000	 0.000000	 0.023723	-0.006044	 0.000000
 0.2194	 0.000000	 0.000000	 0.023662	-0.011480	 0.000000
 0.2263	 0.000000	 0.000000	 0.023563	-0.016881	 0.000000
 0.2333	 0.000000	 0.000000	 0.023427	-0.022233	 0.000000
 0.2403	 0.000000	 0.000000	 0.023254	-0.027521	 0.000000
 0.2472	 0.000000	 0.000000	 0.023044	-0.032729	 0.000000
 0.2507	 0.000000	 0.000000	 0.022926	-0.035298	 0.000000
 0.3203	 0.000000	 0.000000	 0.016833	-0.134728	 0.000000
 0.3797	 0.000000	 0.000000	 0.006748	-0.199525	 0.000000
 0.4248	 0.000000	 0.000000	-0.002989	-0.228686	 0.000000
 0.4596	 0.000000	 0.000000	-0.011127	-0.236393	 0.000000
 0.4866	 0.000000	 0.000000	-0.017483	-0.232493	 0.000000
 0.5137	 0.000000	 0.000000	-0.023610	-0.219587	 0.000000
 0.5407	 0.000000	 0.000000	-0.029265	-0.197698	 0.000000
 0.5677	 0.000000	 0.000000	-0.034208	-0.167100	 0.000000
 0.5947	 0.000000	 0.000000	-0.038213	-0.128519	 0.000000
 0.6217	 0.000000	 0.000000	-0.041079	-0.083087	 0.000000
 0.6487	 0.000000	 0.000000	-0.042639	-0.032171	 0.000000
 0.6758	 0.000000	 0.000000	-0.042773	 0.022132	 0.000000
 0.7028	 0.000000	 0.000000	-0.041417	 0.077589	 0.000000
 0.7298	 0.000000	 0.000000	-0.038576	 0.131618	 0.000000
 0.7568	 0.000000	 0.000000	-0.034331	 0.181017	 0.000000
 0.7839	 0.000000	 0.000000	-0.028850	 0.222675	 0.000000
 0.8109	 0.000000	 0.000000	-0.022389	 0.253064	 0.000000
 0.8379	 0.000000	 0.000000	-0.015302	 0.268550	 0.000000
 0.8649	 0.000000	 0.000000	-0.008043	 0.265485	 0.000000
 0.8919	 0.000000	 0.000000	-0.001162	 0.240185	 0.000000
 0.9189	 0.000000	 0.000000	 0.004690	 0.188951	 0.000000
 0.9460	 0.000000	 0.000000	 0.008758	 0.107903	 0.000000
 0.9730	 0.000000	 0.000000	 0.010191	-0.006308	 0.000000
 1.0000	 0.000000	 0.000000	 0.008032	-0.158158	 0.000000


 -------- Mode No.  10  (freq = 0.707144E+01 Hz)

span_loc	s-s disp	s-s slope	f-a disp	f-a slope	twist

 0.0000	 0.000000	 0.000000	 0.005115	 0.047143	 0.000000
 0.0035	 0.000000	 0.000000	 0.005279	 0.047117	 0.000000
 0.0104	 0.000000	 0.000000	 0.005606	 0.046923	 0.000000
 0.0174	 0.000000	 0.000000	 0.005932	 0.046543	 0.000000
 0.0244	 0.000000	 0.000000	 0.006254	 0.045982	 0.000000
 0.0313	 0.000000	 0.000000	 0.006572	 0.045246	 0.000000
 0.0383	 0.000000	 0.000000	 0.006884	 0.044340	 0.000000
 0.0453	 0.000000	 0.000000	 0.007189	 0.043268	 0.000000
 0.0522	 0.000000	 0.000000	 0.007486	 0.042037	 0.000000
 0.0592	 0.000000	 0.000000	 0.007774	 0.040653	 0.000000
 0.0662	 0.000000	 0.000000	 0.008052	 0.039122	 0.000000
 0.0731	 0.000000	 0.000000	 0.008319	 0.037451	 0.000000
 0.0801	 0.000000	 0.000000	 0.008573	 0.035646	 0.000000
 0.0870	 0.000000	 0.000000	 0.008815	 0.033715	 0.000000
 0.0940	 0.000000	 0.000000	 0.009043	 0.031663	 0.000000
 0.1010	 0.000000	 0.000000	 0.009256	 0.029500	 0.000000
 0.1079	 0.000000	 0.000000	 0.009453	 0.027231	 0.000000
 0.1149	 0.000000	 0.000000	 0.009635	 0.024865	 0.000000
 0.1219	 0.000000	 0.000000	 0.009799	 0.022410	 0.000000
 0.1288	 0.000000	 0.000000	 0.009947	 0.019874	 0.000000
 0.1358	 0.000000	 0.000000	 0.010076	 0.017265	 0.000000
 0.1399	 0.000000	 0.000000	 0.010144	 0.015695	 0.000000
 0.1497	 0.000000	 0.000000	 0.010279	 0.011858	 0.000000
 0.1567	 0.000000	 0.000000	 0.010352	 0.009079	 0.000000
 0.1636	 0.000000	 0.000000	 0.010405	 0.006259	 0.000000
 0.1706	 0.000000	 0.000000	 0.010439	 0.003408	 0.000000
 0.1776	 0.000000	 0.000000	 0.010453	 0.000534	 0.000000
 0.1845	 0.000000	 0.000000	 0.010447	-0.002354	 0.000000
 0.1915	 0.000000	 0.000000	 0.010420	-0.005248	 0.000000
 0.1985	 0.000000	 0.000000	 0.010373	-0.008138	 0.000000
 0.2054	 0.000000	 0.000000	 0.010307	-0.011018	 0.000000
 0.2124	 0.000000	 0.000000	 0.010220	-0.013878	 0.000000
 0.2194	 0.000000	 0.000000	 0.010114	-0.016709	 0.000000
 0.2263	 0.000000	 0.000000	 0.009987	-0.019504	 0.000000
 0.2333	 0.000000	 0.000000	 0.009842	-0.022254	 0.000000
 0.2403	 0.000000	 0.000000	 0.009678	-0.024951	 0.000000
 0.2472	 0.000000	 0.000000	 0.009495	-0.027587	 0.000000
 0.2507	 0.000000	 0.000000	 0.009396	-0.028879	 0.000000
 0.3203	 0.000000	 0.000000	 0.005615	-0.076449	 0.000000
 0.3797	 0.000000	 0.000000	 0.000196	-0.102813	 0.000000
 0.4248	 0.000000	 0.000000	-0.004654	-0.110264	 0.000000
 0.4596	 0.000000	 0.000000	-0.008465	-0.107373	 0.000000
 0.4866	 0.000000	 0.000000	-0.011273	-0.099681	 0.000000
 0.5137	 0.000000	 0.000000	-0.013808	-0.087273	 0.000000
 0.5407	 0.000000	 0.000000	-0.015946	-0.070444	 0.000000
 0.5677	 0.000000	 0.000000	-0.017573	-0.049621	 0.000000
 0.5947	 0.000000	 0.000000	-0.018592	-0.025511	 0.000000
 0.6217	 0.000000	 0.000000	-0.018924	 0.000960	 0.000000
 0.6487	 0.000000	 0.000000	-0.018520	 0.028758	 0.000000
 0.6758	 0.000000	 0.000000	-0.017363	 0.056481	 0.000000
 0.7028	 0.000000	 0.000000	-0.015473	 0.082706	 0.000000
 0.7298	 0.000000	 0.000000	-0.012913	 0.105889	 0.000000
 0.7568	 0.000000	 0.000000	-0.009789	 0.124276	 0.000000
 0.7839	 0.000000	 0.000000	-0.006251	 0.136238	 0.000000
 0.8109	 0.000000	 0.000000	-0.002497	 0.140086	 0.000000
 0.8379	 0.000000	 0.000000	 0.001232	 0.134234	 0.000000
 0.8649	 0.000000	 0.000000	 0.004652	 0.117177	 0.000000
 0.8919	 0.000000	 0.000000	 0.007443	 0.087661	 0.000000
 0.9189	 0.000000	 0.000000	 0.009253	 0.044468	 0.000000
 0.9460	 0.000000	 0.000000	 0.009695	-0.013602	 0.000000
 0.9730	 0.000000	 0.000000	 0.008356	-0.087296	 0.000000
 1.0000	 0.000000	 0.000000	 0.004795	-0.178087	 0.000000


 -------- Mode No.  11  (freq = 0.118663E+02 Hz)

span_loc	s-s disp	s-s slope	f-a disp	f-a slope	twist

 0.0000	 0.010066	 0.078912	 0.000000	 0.000000	 0.000000
 0.0035	 0.010338	 0.077523	 0.000000	 0.000000	-0.000001
 0.0104	 0.010867	 0.074347	 0.000000	 0.000000	-0.000003
 0.0174	 0.011372	 0.070660	 0.000000	 0.000000	-0.000006
 0.0244	 0.011850	 0.066488	 0.000000	 0.000000	-0.000008
 0.0313	 0.012297	 0.061857	 0.000000	 0.000000	-0.000010
 0.0383	 0.012711	 0.056796	 0.000000	 0.000000	-0.000012
 0.0453	 0.013087	 0.051334	 0.000000	 0.000000	-0.000015
 0.0522	 0.013425	 0.045500	 0.000000	 0.000000	-0.000017
 0.0592	 0.013720	 0.039326	 0.000000	 0.000000	-0.000019
 0.0662	 0.013972	 0.032841	 0.000000	 0.000000	-0.000022
 0.0731	 0.014177	 0.026078	 0.000000	 0.000000	-0.000024
 0.0801	 0.014334	 0.019071	 0.000000	 0.000000	-0.000026
 0.0870	 0.014442	 0.011851	 0.000000	 0.000000	-0.000028
 0.0940	 0.014499	 0.004452	 0.000000	 0.000000	-0.000030
 0.1010	 0.014504	-0.003093	 0.000000	 0.000000	-0.000033
 0.1079	 0.014456	-0.010750	 0.000000	 0.000000	-0.000035
 0.1149	 0.014354	-0.018486	 0.000000	 0.000000	-0.000037
 0.1219	 0.014198	-0.026268	 0.000000	 0.000000	-0.000039
 0.1288	 0.013988	-0.034062	 0.000000	 0.000000	-0.000041
 0.1358	 0.013724	-0.041836	 0.000000	 0.000000	-0.000043
 0.1399	 0.013543	-0.046397	 0.000000	 0.000000	-0.000045
 0.1497	 0.013034	-0.057196	 0.000000	 0.000000	-0.000048
 0.1567	 0.012609	-0.064721	 0.000000	 0.000000	-0.000050
 0.1636	 0.012133	-0.072102	 0.000000	 0.000000	-0.000052
 0.1706	 0.011605	-0.079312	 0.000000	 0.000000	-0.000054
 0.1776	 0.011028	-0.086322	 0.000000	 0.000000	-0.000056
 0.1845	 0.010404	-0.093106	 0.000000	 0.000000	-0.000058
 0.1915	 0.009732	-0.099641	 0.000000	 0.000000	-0.000060
 0.1985	 0.009016	-0.105901	 0.000000	 0.000000	-0.000062
 0.2054	 0.008258	-0.111867	 0.000000	 0.000000	-0.000064
 0.2124	 0.007459	-0.117517	 0.000000	 0.000000	-0.000066
 0.2194	 0.006622	-0.122834	 0.000000	 0.000000	-0.000068
 0.2263	 0.005749	-0.127802	 0.000000	 0.000000	-0.000070
 0.2333	 0.004843	-0.132406	 0.000000	 0.000000	-0.000072
 0.2403	 0.003906	-0.136633	 0.000000	 0.000000	-0.000073
 0.2472	 0.002941	-0.140475	 0.000000	 0.000000	-0.000075
 0.2507	 0.002449	-0.142248	 0.000000	 0.000000	-0.000076
 0.3203	-0.009091	-0.174665	 0.000000	 0.000000	-0.000115
 0.3797	-0.018552	-0.134472	 0.000000	 0.000000	-0.000149
 0.4248	-0.023155	-0.066138	 0.000000	 0.000000	-0.000175
 0.4596	-0.024280	 0.002342	 0.000000	 0.000000	-0.000195
 0.4866	-0.023433	 0.060183	 0.000000	 0.000000	-0.000211
 0.5137	-0.021012	 0.118049	 0.000000	 0.000000	-0.000226
 0.5407	-0.017077	 0.171655	 0.000000	 0.000000	-0.000242
 0.5677	-0.011797	 0.216996	 0.000000	 0.000000	-0.000256
 0.5947	-0.005452	 0.250123	 0.000000	 0.000000	-0.000271
 0.6217	 0.001583	 0.267700	 0.000000	 0.000000	-0.000285
 0.6487	 0.008854	 0.267311	 0.000000	 0.000000	-0.000298
 0.6758	 0.015852	 0.247676	 0.000000	 0.000000	-0.000311
 0.7028	 0.022058	 0.208951	 0.000000	 0.000000	-0.000323
 0.7298	 0.026973	 0.152802	 0.000000	 0.000000	-0.000334
 0.7568	 0.030173	 0.082900	 0.000000	 0.000000	-0.000344
 0.7839	 0.031350	 0.004168	 0.000000	 0.000000	-0.000354
 0.8109	 0.030354	-0.076661	 0.000000	 0.000000	-0.000362
 0.8379	 0.027237	-0.151560	 0.000000	 0.000000	-0.000368
 0.8649	 0.022274	-0.211931	 0.000000	 0.000000	-0.000374
 0.8919	 0.015988	-0.248204	 0.000000	 0.000000	-0.000377
 0.9189	 0.009156	-0.251154	 0.000000	 0.000000	-0.000379
 0.9460	 0.002804	-0.211675	 0.000000	 0.000000	-0.000380
 0.9730	-0.001806	-0.121532	 0.000000	 0.000000	-0.000378
 1.0000	-0.003190	 0.027615	 0.000000	 0.000000	-0.000375


 -------- Mode No.  12  (freq = 0.119858E+02 Hz)

span_loc	s-s disp	s-s slope	f-a disp	f-a slope	twist

 0.0000	 0.000000	 0.000000	 0.010070	 0.078639	 0.000000
 0.0035	 0.000000	 0.000000	 0.010341	 0.077220	 0.000000
 0.0104	 0.000000	 0.000000	 0.010868	 0.073981	 0.000000
 0.0174	 0.000000	 0.000000	 0.011370	 0.070228	 0.000000
 0.0244	 0.000000	 0.000000	 0.011845	 0.065987	 0.000000
 0.0313	 0.000000	 0.000000	 0.012288	 0.061286	 0.000000
 0.0383	 0.000000	 0.000000	 0.012697	 0.056153	 0.000000
 0.0453	 0.000000	 0.000000	 0.013069	 0.050618	 0.000000
 0.0522	 0.000000	 0.000000	 0.013402	 0.044710	 0.000000
 0.0592	 0.000000	 0.000000	 0.013691	 0.038461	 0.000000
 0.0662	 0.000000	 0.000000	 0.013937	 0.031903	 0.000000
 0.0731	 0.000000	 0.000000	 0.014135	 0.025069	 0.000000
 0.0801	 0.000000	 0.000000	 0.014285	 0.017991	 0.000000
 0.0870	 0.000000	 0.000000	 0.014385	 0.010703	 0.000000
 0.0940	 0.000000	 0.000000	 0.014434	 0.003239	 0.000000
 0.1010	 0.000000	 0.000000	 0.014430	-0.004367	 0.000000
 0.1079	 0.000000	 0.000000	 0.014373	-0.012081	 0.000000
 0.1149	 0.000000	 0.000000	 0.014261	-0.019870	 0.000000
 0.1219	 0.000000	 0.000000	 0.014096	-0.027700	 0.000000
 0.1288	 0.000000	 0.000000	 0.013876	-0.035536	 0.000000
 0.1358	 0.000000	 0.000000	 0.013601	-0.043347	 0.000000
 0.1399	 0.000000	 0.000000	 0.013414	-0.047928	 0.000000
 0.1497	 0.000000	 0.000000	 0.012889	-0.058763	 0.000000
 0.1567	 0.000000	 0.000000	 0.012454	-0.066306	 0.000000
 0.1636	 0.000000	 0.000000	 0.011966	-0.073698	 0.000000
 0.1706	 0.000000	 0.000000	 0.011428	-0.080910	 0.000000
 0.1776	 0.000000	 0.000000	 0.010840	-0.087916	 0.000000
 0.1845	 0.000000	 0.000000	 0.010204	-0.094689	 0.000000
 0.1915	 0.000000	 0.000000	 0.009522	-0.101205	 0.000000
 0.1985	 0.000000	 0.000000	 0.008795	-0.107439	 0.000000
 0.2054	 0.000000	 0.000000	 0.008026	-0.113371	 0.000000
 0.2124	 0.000000	 0.000000	 0.007217	-0.118980	 0.000000
 0.2194	 0.000000	 0.000000	 0.006370	-0.124249	 0.000000
 0.2263	 0.000000	 0.000000	 0.005487	-0.129161	 0.000000
 0.2333	 0.000000	 0.000000	 0.004572	-0.133703	 0.000000
 0.2403	 0.000000	 0.000000	 0.003626	-0.137863	 0.000000
 0.2472	 0.000000	 0.000000	 0.002653	-0.141632	 0.000000
 0.2507	 0.000000	 0.000000	 0.002156	-0.143366	 0.000000
 0.3203	 0.000000	 0.000000	-0.009390	-0.173620	 0.000000
 0.3797	 0.000000	 0.000000	-0.018719	-0.131110	 0.000000
 0.4248	 0.000000	 0.000000	-0.023134	-0.061241	 0.000000
 0.4596	 0.000000	 0.000000	-0.024074	 0.007987	 0.000000
 0.4866	 0.000000	 0.000000	-0.023070	 0.066002	 0.000000
 0.5137	 0.000000	 0.000000	-0.020495	 0.123604	 0.000000
 0.5407	 0.000000	 0.000000	-0.016419	 0.176454	 0.000000
 0.5677	 0.000000	 0.000000	-0.011026	 0.220528	 0.000000
 0.5947	 0.000000	 0.000000	-0.004608	 0.251899	 0.000000
 0.6217	 0.000000	 0.000000	 0.002447	 0.267304	 0.000000
 0.6487	 0.000000	 0.000000	 0.009673	 0.264438	 0.000000
 0.6758	 0.000000	 0.000000	 0.016558	 0.242200	 0.000000
 0.7028	 0.000000	 0.000000	 0.022581	 0.200954	 0.000000
 0.7298	 0.000000	 0.000000	 0.027249	 0.142609	 0.000000
 0.7568	 0.000000	 0.000000	 0.030150	 0.071102	 0.000000
 0.7839	 0.000000	 0.000000	 0.030996	-0.008390	 0.000000
 0.8109	 0.000000	 0.000000	 0.029663	-0.088902	 0.000000
 0.8379	 0.000000	 0.000000	 0.026233	-0.162230	 0.000000
 0.8649	 0.000000	 0.000000	 0.021019	-0.219663	 0.000000
 0.8919	 0.000000	 0.000000	 0.014580	-0.251632	 0.000000
 0.9189	 0.000000	 0.000000	 0.007729	-0.248990	 0.000000
 0.9460	 0.000000	 0.000000	 0.001525	-0.202796	 0.000000
 0.9730	 0.000000	 0.000000	-0.002743	-0.105095	 0.000000
 1.0000	 0.000000	 0.000000	-0.003573	 0.052224	 0.000000


 -------- Mode No.  13  (freq = 0.159655E+02 Hz)

span_loc	s-s disp	s-s slope	f-a disp	f-a slope	twist

 0.0000	-0.000001	-0.000005	 0.000000	 0.000000	 0.000000
 0.0035	-0.000001	-0.000005	 0.000000	 0.000000	-0.001080
 0.0104	-0.000001	-0.000005	 0.000000	 0.000000	-0.003238
 0.0174	-0.000001	-0.000004	 0.000000	 0.000000	-0.005395
 0.0244	-0.000001	-0.000004	 0.000000	 0.000000	-0.007548
 0.0313	-0.000001	-0.000003	 0.000000	 0.000000	-0.009697
 0.0383	-0.000001	-0.000003	 0.000000	 0.000000	-0.011840
 0.0453	-0.000001	-0.000002	 0.000000	 0.000000	-0.013976
 0.0522	-0.000001	-0.000002	 0.000000	 0.000000	-0.016104
 0.0592	-0.000001	-0.000001	 0.000000	 0.000000	-0.018222
 0.0662	-0.000001	 0.000000	 0.000000	 0.000000	-0.020330
 0.0731	-0.000001	 0.000000	 0.000000	 0.000000	-0.022425
 0.0801	-0.000001	 0.000001	 0.000000	 0.000000	-0.024507
 0.0870	-0.000001	 0.000002	 0.000000	 0.000000	-0.026574
 0.0940	-0.000001	 0.000003	 0.000000	 0.000000	-0.028626
 0.1010	-0.000001	 0.000003	 0.000000	 0.000000	-0.030660
 0.1079	-0.000001	 0.000004	 0.000000	 0.000000	-0.032677
 0.1149	-0.000001	 0.000005	 0.000000	 0.000000	-0.034674
 0.1219	-0.000001	 0.000005	 0.000000	 0.000000	-0.036650
 0.1288	-0.000001	 0.000006	 0.000000	 0.000000	-0.038605
 0.1358	-0.000001	 0.000007	 0.000000	 0.000000	-0.040536
 0.1399	-0.000001	 0.000007	 0.000000	 0.000000	-0.041664
 0.1497	-0.000001	 0.000008	 0.000000	 0.000000	-0.044326
 0.1567	-0.000001	 0.000008	 0.000000	 0.000000	-0.046182
 0.1636	-0.000001	 0.000009	 0.000000	 0.000000	-0.048011
 0.1706	 0.000000	 0.000009	 0.000000	 0.000000	-0.049811
 0.1776	 0.000000	 0.000010	 0.000000	 0.000000	-0.051581
 0.1845	 0.000000	 0.000010	 0.000000	 0.000000	-0.053321
 0.1915	 0.000000	 0.000011	 0.000000	 0.000000	-0.055029
 0.1985	 0.000000	 0.000011	 0.000000	 0.000000	-0.056704
 0.2054	 0.000000	 0.000011	 0.000000	 0.000000	-0.058346
 0.2124	 0.000000	 0.000012	 0.000000	 0.000000	-0.059953
 0.2194	 0.000000	 0.000012	 0.000000	 0.000000	-0.061524
 0.2263	 0.000000	 0.000012	 0.000000	 0.000000	-0.063059
 0.2333	 0.000000	 0.000012	 0.000000	 0.000000	-0.064556
 0.2403	 0.000000	 0.000012	 0.000000	 0.000000	-0.066015
 0.2472	 0.000000	 0.000012	 0.000000	 0.000000	-0.067435
 0.2507	 0.000000	 0.000012	 0.000000	 0.000000	-0.068129
 0.3203	 0.000001	 0.000009	 0.000000	 0.000000	-0.096336
 0.3797	 0.000001	 0.000000	 0.000000	 0.000000	-0.118821
 0.4248	 0.000001	-0.000007	 0.000000	 0.000000	-0.134150
 0.4596	 0.000001	-0.000012	 0.000000	 0.000000	-0.144618
 0.4866	 0.000001	-0.000015	 0.000000	 0.000000	-0.151752
 0.5137	 0.000000	-0.000017	 0.000000	 0.000000	-0.157914
 0.5407	 0.000000	-0.000018	 0.000000	 0.000000	-0.162978
 0.5677	-0.000001	-0.000016	 0.000000	 0.000000	-0.166849
 0.5947	-0.000001	-0.000013	 0.000000	 0.000000	-0.169421
 0.6217	-0.000001	-0.000009	 0.000000	 0.000000	-0.170590
 0.6487	-0.000002	-0.000003	 0.000000	 0.000000	-0.170262
 0.6758	-0.000002	 0.000004	 0.000000	 0.000000	-0.168346
 0.7028	-0.000001	 0.000011	 0.000000	 0.000000	-0.164754
 0.7298	-0.000001	 0.000017	 0.000000	 0.000000	-0.159397
 0.7568	-0.000001	 0.000023	 0.000000	 0.000000	-0.152223
 0.7839	 0.000000	 0.000027	 0.000000	 0.000000	-0.143146
 0.8109	 0.000001	 0.000030	 0.000000	 0.000000	-0.132115
 0.8379	 0.000002	 0.000031	 0.000000	 0.000000	-0.119099
 0.8649	 0.000003	 0.000031	 0.000000	 0.000000	-0.104013
 0.8919	 0.000003	 0.000030	 0.000000	 0.000000	-0.086894
 0.9189	 0.000004	 0.000031	 0.000000	 0.000000	-0.067691
 0.9460	 0.000005	 0.000035	 0.000000	 0.000000	-0.046352
 0.9730	 0.000006	 0.000046	 0.000000	 0.000000	-0.022993
 1.0000	 0.000008	 0.000069	 0.000000	 0.000000	 0.002461


 -------- Mode No.  14  (freq = 0.196178E+02 Hz)

span_loc	s-s disp	s-s slope	f-a disp	f-a slope	twist

 0.0000	-0.009509	-0.058268	 0.000000	 0.000000	 0.000000
 0.0035	-0.009707	-0.055386	 0.000000	 0.000000	 0.000002
 0.0104	-0.010071	-0.049115	 0.000000	 0.000000	 0.000007
 0.0174	-0.010390	-0.042222	 0.000000	 0.000000	 0.000012
 0.0244	-0.010658	-0.034771	 0.000000	 0.000000	 0.000016
 0.0313	-0.010873	-0.026828	 0.000000	 0.000000	 0.000021
 0.0383	-0.011031	-0.018462	 0.000000	 0.000000	 0.000026
 0.0453	-0.011129	-0.009741	 0.000000	 0.000000	 0.000030
 0.0522	-0.011166	-0.000736	 0.000000	 0.000000	 0.000035
 0.0592	-0.011139	 0.008483	 0.000000	 0.000000	 0.000039
 0.0662	-0.011047	 0.017847	 0.000000	 0.000000	 0.000044
 0.0731	-0.010890	 0.027283	 0.000000	 0.000000	 0.000048
 0.0801	-0.010667	 0.036725	 0.000000	 0.000000	 0.000053
 0.0870	-0.010379	 0.046103	 0.000000	 0.000000	 0.000057
 0.0940	-0.010025	 0.055351	 0.000000	 0.000000	 0.000062
 0.1010	-0.009608	 0.064404	 0.000000	 0.000000	 0.000066
 0.1079	-0.009129	 0.073202	 0.000000	 0.000000	 0.000070
 0.1149	-0.008589	 0.081684	 0.000000	 0.000000	 0.000074
 0.1219	-0.007992	 0.089795	 0.000000	 0.000000	 0.000078
 0.1288	-0.007340	 0.097482	 0.000000	 0.000000	 0.000082
 0.1358	-0.006636	 0.104697	 0.000000	 0.000000	 0.000086
 0.1399	-0.006197	 0.108712	 0.000000	 0.000000	 0.000089
 0.1497	-0.005085	 0.117539	 0.000000	 0.000000	 0.000094
 0.1567	-0.004247	 0.123093	 0.000000	 0.000000	 0.000098
 0.1636	-0.003372	 0.128026	 0.000000	 0.000000	 0.000101
 0.1706	-0.002466	 0.132316	 0.000000	 0.000000	 0.000105
 0.1776	-0.001531	 0.135944	 0.000000	 0.000000	 0.000108
 0.1845	-0.000574	 0.138897	 0.000000	 0.000000	 0.000112
 0.1915	 0.000402	 0.141168	 0.000000	 0.000000	 0.000115
 0.1985	 0.001391	 0.142758	 0.000000	 0.000000	 0.000118
 0.2054	 0.002389	 0.143671	 0.000000	 0.000000	 0.000121
 0.2124	 0.003390	 0.143920	 0.000000	 0.000000	 0.000124
 0.2194	 0.004391	 0.143523	 0.000000	 0.000000	 0.000127
 0.2263	 0.005388	 0.142504	 0.000000	 0.000000	 0.000130
 0.2333	 0.006375	 0.140895	 0.000000	 0.000000	 0.000132
 0.2403	 0.007349	 0.138732	 0.000000	 0.000000	 0.000135
 0.2472	 0.008306	 0.136059	 0.000000	 0.000000	 0.000137
 0.2507	 0.008777	 0.134546	 0.000000	 0.000000	 0.000138
 0.3203	 0.014806	 0.028430	 0.000000	 0.000000	 0.000180
 0.3797	 0.012779	-0.094063	 0.000000	 0.000000	 0.000208
 0.4248	 0.006718	-0.168240	 0.000000	 0.000000	 0.000221
 0.4596	 0.000275	-0.196319	 0.000000	 0.000000	 0.000226
 0.4866	-0.005057	-0.194709	 0.000000	 0.000000	 0.000227
 0.5137	-0.010046	-0.171024	 0.000000	 0.000000	 0.000225
 0.5407	-0.014102	-0.126401	 0.000000	 0.000000	 0.000219
 0.5677	-0.016704	-0.064327	 0.000000	 0.000000	 0.000211
 0.5947	-0.017457	 0.009186	 0.000000	 0.000000	 0.000198
 0.6217	-0.016156	 0.086204	 0.000000	 0.000000	 0.000182
 0.6487	-0.012825	 0.157916	 0.000000	 0.000000	 0.000163
 0.6758	-0.007738	 0.214861	 0.000000	 0.000000	 0.000140
 0.7028	-0.001408	 0.248949	 0.000000	 0.000000	 0.000114
 0.7298	 0.005460	 0.254181	 0.000000	 0.000000	 0.000084
 0.7568	 0.012039	 0.227809	 0.000000	 0.000000	 0.000051
 0.7839	 0.017484	 0.171140	 0.000000	 0.000000	 0.000015
 0.8109	 0.021046	 0.090069	 0.000000	 0.000000	-0.000023
 0.8379	 0.022197	-0.004996	 0.000000	 0.000000	-0.000064
 0.8649	 0.020742	-0.100331	 0.000000	 0.000000	-0.000107
 0.8919	 0.016900	-0.178902	 0.000000	 0.000000	-0.000152
 0.9189	 0.011363	-0.223206	 0.000000	 0.000000	-0.000197
 0.9460	 0.005296	-0.216060	 0.000000	 0.000000	-0.000244
 0.9730	 0.000302	-0.142214	 0.000000	 0.000000	-0.000291
 1.0000	-0.001629	 0.011605	 0.000000	 0.000000	-0.000337


 -------- Mode No.  15  (freq = 0.196906E+02 Hz)

span_loc	s-s disp	s-s slope	f-a disp	f-a slope	twist

 0.0000	 0.000000	 0.000000	 0.009512	 0.058149	 0.000000
 0.0035	 0.000000	 0.000000	 0.009709	 0.055252	 0.000000
 0.0104	 0.000000	 0.000000	 0.010072	 0.048953	 0.000000
 0.0174	 0.000000	 0.000000	 0.010389	 0.042029	 0.000000
 0.0244	 0.000000	 0.000000	 0.010656	 0.034547	 0.000000
 0.0313	 0.000000	 0.000000	 0.010869	 0.026574	 0.000000
 0.0383	 0.000000	 0.000000	 0.011026	 0.018177	 0.000000
 0.0453	 0.000000	 0.000000	 0.011122	 0.009426	 0.000000
 0.0522	 0.000000	 0.000000	 0.011156	 0.000393	 0.000000
 0.0592	 0.000000	 0.000000	 0.011127	-0.008854	 0.000000
 0.0662	 0.000000	 0.000000	 0.011033	-0.018241	 0.000000
 0.0731	 0.000000	 0.000000	 0.010873	-0.027700	 0.000000
 0.0801	 0.000000	 0.000000	 0.010647	-0.037160	 0.000000
 0.0870	 0.000000	 0.000000	 0.010355	-0.046553	 0.000000
 0.0940	 0.000000	 0.000000	 0.009999	-0.055813	 0.000000
 0.1010	 0.000000	 0.000000	 0.009578	-0.064874	 0.000000
 0.1079	 0.000000	 0.000000	 0.009096	-0.073675	 0.000000
 0.1149	 0.000000	 0.000000	 0.008553	-0.082155	 0.000000
 0.1219	 0.000000	 0.000000	 0.007952	-0.090259	 0.000000
 0.1288	 0.000000	 0.000000	 0.007297	-0.097935	 0.000000
 0.1358	 0.000000	 0.000000	 0.006589	-0.105134	 0.000000
 0.1399	 0.000000	 0.000000	 0.006149	-0.109137	 0.000000
 0.1497	 0.000000	 0.000000	 0.005034	-0.117928	 0.000000
 0.1567	 0.000000	 0.000000	 0.004193	-0.123449	 0.000000
 0.1636	 0.000000	 0.000000	 0.003316	-0.128346	 0.000000
 0.1706	 0.000000	 0.000000	 0.002407	-0.132595	 0.000000
 0.1776	 0.000000	 0.000000	 0.001470	-0.136176	 0.000000
 0.1845	 0.000000	 0.000000	 0.000512	-0.139079	 0.000000
 0.1915	 0.000000	 0.000000	-0.000465	-0.141296	 0.000000
 0.1985	 0.000000	 0.000000	-0.001455	-0.142828	 0.000000
 0.2054	 0.000000	 0.000000	-0.002453	-0.143681	 0.000000
 0.2124	 0.000000	 0.000000	-0.003454	-0.143867	 0.000000
 0.2194	 0.000000	 0.000000	-0.004455	-0.143404	 0.000000
 0.2263	 0.000000	 0.000000	-0.005450	-0.142319	 0.000000
 0.2333	 0.000000	 0.000000	-0.006436	-0.140642	 0.000000
 0.2403	 0.000000	 0.000000	-0.007408	-0.138412	 0.000000
 0.2472	 0.000000	 0.000000	-0.008362	-0.135671	 0.000000
 0.2507	 0.000000	 0.000000	-0.008832	-0.134125	 0.000000
 0.3203	 0.000000	 0.000000	-0.014787	-0.026868	 0.000000
 0.3797	 0.000000	 0.000000	-0.012657	 0.095801	 0.000000
 0.4248	 0.000000	 0.000000	-0.006530	 0.169359	 0.000000
 0.4596	 0.000000	 0.000000	-0.000063	 0.196527	 0.000000
 0.4866	 0.000000	 0.000000	 0.005263	 0.194029	 0.000000
 0.5137	 0.000000	 0.000000	 0.010220	 0.169394	 0.000000
 0.5407	 0.000000	 0.000000	 0.014221	 0.123879	 0.000000
 0.5677	 0.000000	 0.000000	 0.016744	 0.061095	 0.000000
 0.5947	 0.000000	 0.000000	 0.017403	-0.012818	 0.000000
 0.6217	 0.000000	 0.000000	 0.016003	-0.089823	 0.000000
 0.6487	 0.000000	 0.000000	 0.012580	-0.161042	 0.000000
 0.6758	 0.000000	 0.000000	 0.007421	-0.217006	 0.000000
 0.7028	 0.000000	 0.000000	 0.001051	-0.249687	 0.000000
 0.7298	 0.000000	 0.000000	-0.005814	-0.253213	 0.000000
 0.7568	 0.000000	 0.000000	-0.012342	-0.225042	 0.000000
 0.7839	 0.000000	 0.000000	-0.017689	-0.166729	 0.000000
 0.8109	 0.000000	 0.000000	-0.021114	-0.084446	 0.000000
 0.8379	 0.000000	 0.000000	-0.022105	 0.011133	 0.000000
 0.8649	 0.000000	 0.000000	-0.020486	 0.106070	 0.000000
 0.8919	 0.000000	 0.000000	-0.016507	 0.183208	 0.000000
 0.9189	 0.000000	 0.000000	-0.010885	 0.225038	 0.000000
 0.9460	 0.000000	 0.000000	-0.004813	 0.214485	 0.000000
 0.9730	 0.000000	 0.000000	 0.000083	 0.136548	 0.000000
 1.0000	 0.000000	 0.000000	 0.001800	-0.021789	 0.000000


 -------- Mode No.  16  (freq = 0.268112E+02 Hz)

span_loc	s-s disp	s-s slope	f-a disp	f-a slope	twist

 0.0000	 0.000000	 0.000000	-0.000698	-0.003354	 0.000000
 0.0035	 0.000000	 0.000000	-0.000709	-0.003054	 0.000000
 0.0104	 0.000000	 0.000000	-0.000728	-0.002410	 0.000000
 0.0174	 0.000000	 0.000000	-0.000742	-0.001716	 0.000000
 0.0244	 0.000000	 0.000000	-0.000752	-0.000978	 0.000000
 0.0313	 0.000000	 0.000000	-0.000756	-0.000207	 0.000000
 0.0383	 0.000000	 0.000000	-0.000754	 0.000588	 0.000000
 0.0453	 0.000000	 0.000000	-0.000747	 0.001400	 0.000000
 0.0522	 0.000000	 0.000000	-0.000735	 0.002218	 0.000000
 0.0592	 0.000000	 0.000000	-0.000717	 0.003035	 0.000000
 0.0662	 0.000000	 0.000000	-0.000693	 0.003841	 0.000000
 0.0731	 0.000000	 0.000000	-0.000663	 0.004629	 0.000000
 0.0801	 0.000000	 0.000000	-0.000628	 0.005390	 0.000000
 0.0870	 0.000000	 0.000000	-0.000588	 0.006117	 0.000000
 0.0940	 0.000000	 0.000000	-0.000543	 0.006802	 0.000000
 0.1010	 0.000000	 0.000000	-0.000494	 0.007439	 0.000000
 0.1079	 0.000000	 0.000000	-0.000440	 0.008023	 0.000000
 0.1149	 0.000000	 0.000000	-0.000382	 0.008546	 0.000000
 0.1219	 0.000000	 0.000000	-0.000321	 0.009005	 0.000000
 0.1288	 0.000000	 0.000000	-0.000257	 0.009395	 0.000000
 0.1358	 0.000000	 0.000000	-0.000190	 0.009713	 0.000000
 0.1399	 0.000000	 0.000000	-0.000150	 0.009866	 0.000000
 0.1497	 0.000000	 0.000000	-0.000052	 0.010124	 0.000000
 0.1567	 0.000000	 0.000000	 0.000019	 0.010213	 0.000000
 0.1636	 0.000000	 0.000000	 0.000090	 0.010225	 0.000000
 0.1706	 0.000000	 0.000000	 0.000161	 0.010159	 0.000000
 0.1776	 0.000000	 0.000000	 0.000232	 0.010018	 0.000000
 0.1845	 0.000000	 0.000000	 0.000301	 0.009804	 0.000000
 0.1915	 0.000000	 0.000000	 0.000368	 0.009519	 0.000000
 0.1985	 0.000000	 0.000000	 0.000433	 0.009168	 0.000000
 0.2054	 0.000000	 0.000000	 0.000496	 0.008756	 0.000000
 0.2124	 0.000000	 0.000000	 0.000555	 0.008288	 0.000000
 0.2194	 0.000000	 0.000000	 0.000611	 0.007770	 0.000000
 0.2263	 0.000000	 0.000000	 0.000663	 0.007209	 0.000000
 0.2333	 0.000000	 0.000000	 0.000711	 0.006612	 0.000000
 0.2403	 0.000000	 0.000000	 0.000755	 0.005988	 0.000000
 0.2472	 0.000000	 0.000000	 0.000795	 0.005346	 0.000000
 0.2507	 0.000000	 0.000000	 0.000813	 0.005020	 0.000000
 0.3203	 0.000000	 0.000000	 0.000676	-0.008293	 0.000000
 0.3797	 0.000000	 0.000000	-0.000038	-0.014279	 0.000000
 0.4248	 0.000000	 0.000000	-0.000661	-0.012395	 0.000000
 0.4596	 0.000000	 0.000000	-0.001008	-0.007105	 0.000000
 0.4866	 0.000000	 0.000000	-0.001124	-0.001376	 0.000000
 0.5137	 0.000000	 0.000000	-0.001076	 0.004926	 0.000000
 0.5407	 0.000000	 0.000000	-0.000860	 0.010836	 0.000000
 0.5677	 0.000000	 0.000000	-0.000501	 0.015400	 0.000000
 0.5947	 0.000000	 0.000000	-0.000047	 0.017772	 0.000000
 0.6217	 0.000000	 0.000000	 0.000435	 0.017392	 0.000000
 0.6487	 0.000000	 0.000000	 0.000866	 0.014100	 0.000000
 0.6758	 0.000000	 0.000000	 0.001172	 0.008224	 0.000000
 0.7028	 0.000000	 0.000000	 0.001292	 0.000553	 0.000000
 0.7298	 0.000000	 0.000000	 0.001194	-0.007745	 0.000000
 0.7568	 0.000000	 0.000000	 0.000879	-0.015230	 0.000000
 0.7839	 0.000000	 0.000000	 0.000388	-0.020519	 0.000000
 0.8109	 0.000000	 0.000000	-0.000201	-0.022466	 0.000000
 0.8379	 0.000000	 0.000000	-0.000790	-0.020452	 0.000000
 0.8649	 0.000000	 0.000000	-0.001270	-0.014557	 0.000000
 0.8919	 0.000000	 0.000000	-0.001547	-0.005699	 0.000000
 0.9189	 0.000000	 0.000000	-0.001562	 0.004489	 0.000000
 0.9460	 0.000000	 0.000000	-0.001309	 0.013815	 0.000000
 0.9730	 0.000000	 0.000000	-0.000844	 0.019763	 0.000000
 1.0000	 0.000000	 0.000000	-0.000291	 0.019992	 0.000000


 -------- Mode No.  17  (freq = 0.282832E+02 Hz)

span_loc	s-s disp	s-s slope	f-a disp	f-a slope	twist

 0.0000	 0.000002	 0.000009	 0.000000	 0.000000	 0.000000
 0.0035	 0.000002	 0.000008	 0.000000	 0.000000	 0.002186
 0.0104	 0.000002	 0.000006	 0.000000	 0.000000	 0.006554
 0.0174	 0.000002	 0.000004	 0.000000	 0.000000	 0.010909
 0.0244	 0.000002	 0.000002	 0.000000	 0.000000	 0.015245
 0.0313	 0.000002	 0.000000	 0.000000	 0.000000	 0.019552
 0.0383	 0.000002	-0.000003	 0.000000	 0.000000	 0.023822
 0.0453	 0.000002	-0.000005	 0.000000	 0.000000	 0.028048
 0.0522	 0.000002	-0.000008	 0.000000	 0.000000	 0.032222
 0.0592	 0.000002	-0.000010	 0.000000	 0.000000	 0.036335
 0.0662	 0.000002	-0.000013	 0.000000	 0.000000	 0.040381
 0.0731	 0.000002	-0.000015	 0.000000	 0.000000	 0.044351
 0.0801	 0.000002	-0.000017	 0.000000	 0.000000	 0.048239
 0.0870	 0.000002	-0.000019	 0.000000	 0.000000	 0.052037
 0.0940	 0.000001	-0.000021	 0.000000	 0.000000	 0.055738
 0.1010	 0.000001	-0.000023	 0.000000	 0.000000	 0.059335
 0.1079	 0.000001	-0.000025	 0.000000	 0.000000	 0.062821
 0.1149	 0.000001	-0.000026	 0.000000	 0.000000	 0.066190
 0.1219	 0.000001	-0.000027	 0.000000	 0.000000	 0.069435
 0.1288	 0.000001	-0.000028	 0.000000	 0.000000	 0.072551
 0.1358	 0.000000	-0.000029	 0.000000	 0.000000	 0.075532
 0.1399	 0.000000	-0.000030	 0.000000	 0.000000	 0.077224
 0.1497	 0.000000	-0.000030	 0.000000	 0.000000	 0.081066
 0.1567	 0.000000	-0.000030	 0.000000	 0.000000	 0.083608
 0.1636	 0.000000	-0.000030	 0.000000	 0.000000	 0.085995
 0.1706	-0.000001	-0.000029	 0.000000	 0.000000	 0.088221
 0.1776	-0.000001	-0.000029	 0.000000	 0.000000	 0.090283
 0.1845	-0.000001	-0.000028	 0.000000	 0.000000	 0.092176
 0.1915	-0.000001	-0.000027	 0.000000	 0.000000	 0.093898
 0.1985	-0.000001	-0.000025	 0.000000	 0.000000	 0.095444
 0.2054	-0.000002	-0.000024	 0.000000	 0.000000	 0.096812
 0.2124	-0.000002	-0.000022	 0.000000	 0.000000	 0.098000
 0.2194	-0.000002	-0.000020	 0.000000	 0.000000	 0.099005
 0.2263	-0.000002	-0.000018	 0.000000	 0.000000	 0.099825
 0.2333	-0.000002	-0.000016	 0.000000	 0.000000	 0.100460
 0.2403	-0.000002	-0.000014	 0.000000	 0.000000	 0.100906
 0.2472	-0.000002	-0.000012	 0.000000	 0.000000	 0.101165
 0.2507	-0.000002	-0.000011	 0.000000	 0.000000	 0.101224
 0.3203	-0.000002	 0.000029	 0.000000	 0.000000	 0.093433
 0.3797	 0.000001	 0.000043	 0.000000	 0.000000	 0.071228
 0.4248	 0.000002	 0.000032	 0.000000	 0.000000	 0.045562
 0.4596	 0.000003	 0.000012	 0.000000	 0.000000	 0.021408
 0.4866	 0.000003	-0.000006	 0.000000	 0.000000	 0.000655
 0.5137	 0.000003	-0.000025	 0.000000	 0.000000	-0.021354
 0.5407	 0.000002	-0.000041	 0.000000	 0.000000	-0.044006
 0.5677	 0.000001	-0.000051	 0.000000	 0.000000	-0.066769
 0.5947	-0.000001	-0.000053	 0.000000	 0.000000	-0.088987
 0.6217	-0.000002	-0.000046	 0.000000	 0.000000	-0.109993
 0.6487	-0.000003	-0.000030	 0.000000	 0.000000	-0.129186
 0.6758	-0.000004	-0.000008	 0.000000	 0.000000	-0.145844
 0.7028	-0.000004	 0.000017	 0.000000	 0.000000	-0.159370
 0.7298	-0.000003	 0.000041	 0.000000	 0.000000	-0.169200
 0.7568	-0.000001	 0.000059	 0.000000	 0.000000	-0.174779
 0.7839	 0.000000	 0.000068	 0.000000	 0.000000	-0.175687
 0.8109	 0.000002	 0.000065	 0.000000	 0.000000	-0.171571
 0.8379	 0.000004	 0.000050	 0.000000	 0.000000	-0.162205
 0.8649	 0.000005	 0.000027	 0.000000	 0.000000	-0.147436
 0.8919	 0.000005	 0.000001	 0.000000	 0.000000	-0.127347
 0.9189	 0.000005	-0.000021	 0.000000	 0.000000	-0.102065
 0.9460	 0.000004	-0.000030	 0.000000	 0.000000	-0.071829
 0.9730	 0.000003	-0.000015	 0.000000	 0.000000	-0.037255
 1.0000	 0.000004	 0.000034	 0.000000	 0.000000	 0.001188


 -------- Mode No.  18  (freq = 0.294252E+02 Hz)

span_loc	s-s disp	s-s slope	f-a disp	f-a slope	twist

 0.0000	 0.008757	 0.038213	 0.000000	 0.000000	 0.000000
 0.0035	 0.008883	 0.034069	 0.000000	 0.000000	-0.000009
 0.0104	 0.009090	 0.025209	 0.000000	 0.000000	-0.000026
 0.0174	 0.009233	 0.015692	 0.000000	 0.000000	-0.000044
 0.0244	 0.009307	 0.005648	 0.000000	 0.000000	-0.000062
 0.0313	 0.009310	-0.004791	 0.000000	 0.000000	-0.000079
 0.0383	 0.009240	-0.015493	 0.000000	 0.000000	-0.000096
 0.0453	 0.009094	-0.026326	 0.000000	 0.000000	-0.000113
 0.0522	 0.008873	-0.037160	 0.000000	 0.000000	-0.000130
 0.0592	 0.008577	-0.047867	 0.000000	 0.000000	-0.000147
 0.0662	 0.008207	-0.058324	 0.000000	 0.000000	-0.000163
 0.0731	 0.007766	-0.068412	 0.000000	 0.000000	-0.000179
 0.0801	 0.007256	-0.078017	 0.000000	 0.000000	-0.000194
 0.0870	 0.006680	-0.087032	 0.000000	 0.000000	-0.000209
 0.0940	 0.006045	-0.095358	 0.000000	 0.000000	-0.000224
 0.1010	 0.005354	-0.102906	 0.000000	 0.000000	-0.000238
 0.1079	 0.004614	-0.109593	 0.000000	 0.000000	-0.000252
 0.1149	 0.003830	-0.115350	 0.000000	 0.000000	-0.000266
 0.1219	 0.003010	-0.120117	 0.000000	 0.000000	-0.000278
 0.1288	 0.002159	-0.123844	 0.000000	 0.000000	-0.000291
 0.1358	 0.001287	-0.126496	 0.000000	 0.000000	-0.000302
 0.1399	 0.000765	-0.127545	 0.000000	 0.000000	-0.000309
 0.1497	-0.000494	-0.128487	 0.000000	 0.000000	-0.000323
 0.1567	-0.001387	-0.127814	 0.000000	 0.000000	-0.000333
 0.1636	-0.002271	-0.126044	 0.000000	 0.000000	-0.000342
 0.1706	-0.003140	-0.123201	 0.000000	 0.000000	-0.000351
 0.1776	-0.003985	-0.119324	 0.000000	 0.000000	-0.000358
 0.1845	-0.004799	-0.114464	 0.000000	 0.000000	-0.000365
 0.1915	-0.005577	-0.108684	 0.000000	 0.000000	-0.000371
 0.1985	-0.006311	-0.102055	 0.000000	 0.000000	-0.000377
 0.2054	-0.006996	-0.094665	 0.000000	 0.000000	-0.000381
 0.2124	-0.007628	-0.086605	 0.000000	 0.000000	-0.000385
 0.2194	-0.008201	-0.077981	 0.000000	 0.000000	-0.000388
 0.2263	-0.008713	-0.068905	 0.000000	 0.000000	-0.000391
 0.2333	-0.009160	-0.059497	 0.000000	 0.000000	-0.000392
 0.2403	-0.009541	-0.049884	 0.000000	 0.000000	-0.000393
 0.2472	-0.009855	-0.040199	 0.000000	 0.000000	-0.000393
 0.2507	-0.009986	-0.035372	 0.000000	 0.000000	-0.000393
 0.3203	-0.005792	 0.139352	 0.000000	 0.000000	-0.000336
 0.3797	 0.004420	 0.180934	 0.000000	 0.000000	-0.000224
 0.4248	 0.011413	 0.117211	 0.000000	 0.000000	-0.000106
 0.4596	 0.013924	 0.023528	 0.000000	 0.000000	 0.000001
 0.4866	 0.013418	-0.060502	 0.000000	 0.000000	 0.000089
 0.5137	 0.010676	-0.139662	 0.000000	 0.000000	 0.000179
 0.5407	 0.006026	-0.199723	 0.000000	 0.000000	 0.000269
 0.5677	 0.000150	-0.228921	 0.000000	 0.000000	 0.000357
 0.5947	-0.005998	-0.219641	 0.000000	 0.000000	 0.000438
 0.6217	-0.011349	-0.170557	 0.000000	 0.000000	 0.000511
 0.6487	-0.014885	-0.087213	 0.000000	 0.000000	 0.000572
 0.6758	-0.015841	 0.017534	 0.000000	 0.000000	 0.000620
 0.7028	-0.013873	 0.125995	 0.000000	 0.000000	 0.000651
 0.7298	-0.009151	 0.218092	 0.000000	 0.000000	 0.000663
 0.7568	-0.002389	 0.274527	 0.000000	 0.000000	 0.000656
 0.7839	 0.005249	 0.281784	 0.000000	 0.000000	 0.000628
 0.8109	 0.012341	 0.234855	 0.000000	 0.000000	 0.000579
 0.8379	 0.017484	 0.140001	 0.000000	 0.000000	 0.000507
 0.8649	 0.019592	 0.014555	 0.000000	 0.000000	 0.000415
 0.8919	 0.018205	-0.113473	 0.000000	 0.000000	 0.000303
 0.9189	 0.013700	-0.210776	 0.000000	 0.000000	 0.000173
 0.9460	 0.007382	-0.242732	 0.000000	 0.000000	 0.000027
 0.9730	 0.001458	-0.178329	 0.000000	 0.000000	-0.000130
 1.0000	-0.001121	 0.006904	 0.000000	 0.000000	-0.000296


 -------- Mode No.  19  (freq = 0.294807E+02 Hz)

span_loc	s-s disp	s-s slope	f-a disp	f-a slope	twist

 0.0000	 0.000000	 0.000000	-0.008754	-0.038117	 0.000000
 0.0035	 0.000000	 0.000000	-0.008879	-0.033967	 0.000000
 0.0104	 0.000000	 0.000000	-0.009085	-0.025094	 0.000000
 0.0174	 0.000000	 0.000000	-0.009227	-0.015564	 0.000000
 0.0244	 0.000000	 0.000000	-0.009301	-0.005507	 0.000000
 0.0313	 0.000000	 0.000000	-0.009303	 0.004943	 0.000000
 0.0383	 0.000000	 0.000000	-0.009232	 0.015655	 0.000000
 0.0453	 0.000000	 0.000000	-0.009085	 0.026497	 0.000000
 0.0522	 0.000000	 0.000000	-0.008863	 0.037338	 0.000000
 0.0592	 0.000000	 0.000000	-0.008565	 0.048050	 0.000000
 0.0662	 0.000000	 0.000000	-0.008194	 0.058509	 0.000000
 0.0731	 0.000000	 0.000000	-0.007751	 0.068596	 0.000000
 0.0801	 0.000000	 0.000000	-0.007240	 0.078197	 0.000000
 0.0870	 0.000000	 0.000000	-0.006663	 0.087204	 0.000000
 0.0940	 0.000000	 0.000000	-0.006027	 0.095520	 0.000000
 0.1010	 0.000000	 0.000000	-0.005335	 0.103053	 0.000000
 0.1079	 0.000000	 0.000000	-0.004593	 0.109723	 0.000000
 0.1149	 0.000000	 0.000000	-0.003809	 0.115459	 0.000000
 0.1219	 0.000000	 0.000000	-0.002988	 0.120201	 0.000000
 0.1288	 0.000000	 0.000000	-0.002137	 0.123901	 0.000000
 0.1358	 0.000000	 0.000000	-0.001265	 0.126521	 0.000000
 0.1399	 0.000000	 0.000000	-0.000743	 0.127550	 0.000000
 0.1497	 0.000000	 0.000000	 0.000516	 0.128441	 0.000000
 0.1567	 0.000000	 0.000000	 0.001409	 0.127729	 0.000000
 0.1636	 0.000000	 0.000000	 0.002293	 0.125918	 0.000000
 0.1706	 0.000000	 0.000000	 0.003160	 0.123032	 0.000000
 0.1776	 0.000000	 0.000000	 0.004004	 0.119112	 0.000000
 0.1845	 0.000000	 0.000000	 0.004817	 0.114208	 0.000000
 0.1915	 0.000000	 0.000000	 0.005592	 0.108382	 0.000000
 0.1985	 0.000000	 0.000000	 0.006324	 0.101710	 0.000000
 0.2054	 0.000000	 0.000000	 0.007007	 0.094276	 0.000000
 0.2124	 0.000000	 0.000000	 0.007636	 0.086175	 0.000000
 0.2194	 0.000000	 0.000000	 0.008206	 0.077511	 0.000000
 0.2263	 0.000000	 0.000000	 0.008714	 0.068398	 0.000000
 0.2333	 0.000000	 0.000000	 0.009158	 0.058955	 0.000000
 0.2403	 0.000000	 0.000000	 0.009535	 0.049311	 0.000000
 0.2472	 0.000000	 0.000000	 0.009844	 0.039598	 0.000000
 0.2507	 0.000000	 0.000000	 0.009974	 0.034759	 0.000000
 0.3203	 0.000000	 0.000000	 0.005731	-0.139954	 0.000000
 0.3797	 0.000000	 0.000000	-0.004495	-0.180730	 0.000000
 0.4248	 0.000000	 0.000000	-0.011461	-0.116200	 0.000000
 0.4596	 0.000000	 0.000000	-0.013927	-0.022058	 0.000000
 0.4866	 0.000000	 0.000000	-0.013380	 0.062088	 0.000000
 0.5137	 0.000000	 0.000000	-0.010596	 0.141086	 0.000000
 0.5407	 0.000000	 0.000000	-0.005913	 0.200688	 0.000000
 0.5677	 0.000000	 0.000000	-0.000021	 0.229168	 0.000000
 0.5947	 0.000000	 0.000000	 0.006123	 0.219008	 0.000000
 0.6217	 0.000000	 0.000000	 0.011443	 0.169031	 0.000000
 0.6487	 0.000000	 0.000000	 0.014928	 0.084956	 0.000000
 0.6758	 0.000000	 0.000000	 0.015817	-0.020178	 0.000000
 0.7028	 0.000000	 0.000000	 0.013777	-0.128550	 0.000000
 0.7298	 0.000000	 0.000000	 0.008993	-0.220021	 0.000000
 0.7568	 0.000000	 0.000000	 0.002194	-0.275338	 0.000000
 0.7839	 0.000000	 0.000000	-0.005447	-0.281147	 0.000000
 0.8109	 0.000000	 0.000000	-0.012501	-0.232708	 0.000000
 0.8379	 0.000000	 0.000000	-0.017567	-0.136614	 0.000000
 0.8649	 0.000000	 0.000000	-0.019574	-0.010535	 0.000000
 0.8919	 0.000000	 0.000000	-0.018080	 0.117247	 0.000000
 0.9189	 0.000000	 0.000000	-0.013487	 0.213294	 0.000000
 0.9460	 0.000000	 0.000000	-0.007130	 0.243025	 0.000000
 0.9730	 0.000000	 0.000000	-0.001237	 0.175667	 0.000000
 1.0000	 0.000000	 0.000000	 0.001225	-0.012929	 0.000000


 -------- Mode No.  20  (freq = 0.414168E+02 Hz)

span_loc	s-s disp	s-s slope	f-a disp	f-a slope	twist

 0.0000	 0.000003	 0.000008	 0.000000	 0.000000	 0.000000
 0.0035	 0.000003	 0.000006	 0.000000	 0.000000	 0.002194
 0.0104	 0.000003	 0.000001	 0.000000	 0.000000	 0.006572
 0.0174	 0.000003	-0.000003	 0.000000	 0.000000	 0.010924
 0.0244	 0.000003	-0.000008	 0.000000	 0.000000	 0.015233
 0.0313	 0.000003	-0.000013	 0.000000	 0.000000	 0.019481
 0.0383	 0.000003	-0.000018	 0.000000	 0.000000	 0.023650
 0.0453	 0.000003	-0.000023	 0.000000	 0.000000	 0.027725
 0.0522	 0.000003	-0.000028	 0.000000	 0.000000	 0.031690
 0.0592	 0.000003	-0.000032	 0.000000	 0.000000	 0.035527
 0.0662	 0.000002	-0.000037	 0.000000	 0.000000	 0.039223
 0.0731	 0.000002	-0.000040	 0.000000	 0.000000	 0.042762
 0.0801	 0.000002	-0.000043	 0.000000	 0.000000	 0.046129
 0.0870	 0.000001	-0.000046	 0.000000	 0.000000	 0.049313
 0.0940	 0.000001	-0.000048	 0.000000	 0.000000	 0.052299
 0.1010	 0.000001	-0.000050	 0.000000	 0.000000	 0.055076
 0.1079	 0.000000	-0.000050	 0.000000	 0.000000	 0.057633
 0.1149	 0.000000	-0.000050	 0.000000	 0.000000	 0.059959
 0.1219	 0.000000	-0.000050	 0.000000	 0.000000	 0.062046
 0.1288	-0.000001	-0.000049	 0.000000	 0.000000	 0.063884
 0.1358	-0.000001	-0.000047	 0.000000	 0.000000	 0.065467
 0.1399	-0.000001	-0.000046	 0.000000	 0.000000	 0.066278
 0.1497	-0.000002	-0.000041	 0.000000	 0.000000	 0.067843
 0.1567	-0.000002	-0.000038	 0.000000	 0.000000	 0.068626
 0.1636	-0.000002	-0.000034	 0.000000	 0.000000	 0.069134
 0.1706	-0.000002	-0.000029	 0.000000	 0.000000	 0.069367
 0.1776	-0.000003	-0.000024	 0.000000	 0.000000	 0.069321
 0.1845	-0.000003	-0.000019	 0.000000	 0.000000	 0.068999
 0.1915	-0.000003	-0.000013	 0.000000	 0.000000	 0.068401
 0.1985	-0.000003	-0.000008	 0.000000	 0.000000	 0.067529
 0.2054	-0.000003	-0.000002	 0.000000	 0.000000	 0.066387
 0.2124	-0.000003	 0.000004	 0.000000	 0.000000	 0.064980
 0.2194	-0.000003	 0.000010	 0.000000	 0.000000	 0.063313
 0.2263	-0.000003	 0.000015	 0.000000	 0.000000	 0.061393
 0.2333	-0.000003	 0.000021	 0.000000	 0.000000	 0.059227
 0.2403	-0.000002	 0.000026	 0.000000	 0.000000	 0.056825
 0.2472	-0.000002	 0.000031	 0.000000	 0.000000	 0.054195
 0.2507	-0.000002	 0.000033	 0.000000	 0.000000	 0.052798
 0.3203	 0.000002	 0.000070	 0.000000	 0.000000	-0.016264
 0.3797	 0.000005	 0.000015	 0.000000	 0.000000	-0.078822
 0.4248	 0.000004	-0.000050	 0.000000	 0.000000	-0.116420
 0.4596	 0.000002	-0.000086	 0.000000	 0.000000	-0.134363
 0.4866	-0.000001	-0.000093	 0.000000	 0.000000	-0.139740
 0.5137	-0.000003	-0.000080	 0.000000	 0.000000	-0.136819
 0.5407	-0.000005	-0.000046	 0.000000	 0.000000	-0.125305
 0.5677	-0.000006	 0.000001	 0.000000	 0.000000	-0.105363
 0.5947	-0.000005	 0.000050	 0.000000	 0.000000	-0.077715
 0.6217	-0.000003	 0.000090	 0.000000	 0.000000	-0.043593
 0.6487	 0.000000	 0.000109	 0.000000	 0.000000	-0.004560
 0.6758	 0.000003	 0.000101	 0.000000	 0.000000	 0.037180
 0.7028	 0.000005	 0.000066	 0.000000	 0.000000	 0.079329
 0.7298	 0.000006	 0.000011	 0.000000	 0.000000	 0.119424
 0.7568	 0.000006	-0.000051	 0.000000	 0.000000	 0.154741
 0.7839	 0.000003	-0.000104	 0.000000	 0.000000	 0.182928
 0.8109	 0.000000	-0.000132	 0.000000	 0.000000	 0.201746
 0.8379	-0.000003	-0.000125	 0.000000	 0.000000	 0.209383
 0.8649	-0.000006	-0.000085	 0.000000	 0.000000	 0.204595
 0.8919	-0.000008	-0.000022	 0.000000	 0.000000	 0.186794
 0.9189	-0.000007	 0.000044	 0.000000	 0.000000	 0.156077
 0.9460	-0.000006	 0.000084	 0.000000	 0.000000	 0.113243
 0.9730	-0.000003	 0.000069	 0.000000	 0.000000	 0.060188
 1.0000	-0.000003	-0.000026	 0.000000	 0.000000	-0.000885
=================================================================================
